{"numFailedTestSuites":15,"numFailedTests":19,"numPassedTestSuites":18,"numPassedTests":77,"numPendingTestSuites":0,"numPendingTests":0,"numRuntimeErrorTestSuites":0,"numTodoTests":0,"numTotalTestSuites":33,"numTotalTests":96,"openHandles":[],"snapshot":{"added":0,"didUpdate":false,"failure":false,"filesAdded":0,"filesRemoved":0,"filesRemovedList":[],"filesUnmatched":0,"filesUpdated":0,"matched":0,"total":0,"unchecked":0,"uncheckedKeysByFile":[],"unmatched":0,"updated":0},"startTime":1782781263792,"success":false,"testResults":[{"assertionResults":[{"ancestorTitles":["Dashboard Tests"],"duration":12,"failureDetails":[{"matcherResult":{"message":"expect(received).toContain(expected) // indexOf\n\nExpected substring: \"bg-background\"\nReceived string:    \"import React, { useCallback } from 'react';·\nimport { View, ActivityIndicator } from 'react-native';·\nimport { useFocusEffect, router } from 'expo-router';·\nimport { DietWidget } from './DietWidget';·\nimport { TrainingWidget } from './TrainingWidget';·\nimport { Button } from \\\"@/components/ui/button\\\";·\nimport { Text } from \\\"@/components/ui/text\\\";·\nimport { useColorScheme } from 'nativewind';·\nimport { lightTheme, darkTheme } from '@/tokens/theme';···\ninterface DashboardScreenProps {·\n  metrics: any;·\n  isLoading: boolean;·\n  refetch: () => void;·\n}···\nexport function DashboardScreen({ metrics, isLoading, refetch }: DashboardScreenProps) {·\n  const { colorScheme } = useColorScheme();·\n  const colors = colorScheme === 'dark' ? darkTheme : lightTheme;···\n  useFocusEffect(·\n    useCallback(() => {·\n      refetch();·\n    }, [refetch])·\n  );···\n  if (isLoading && !metrics) {·\n    return (·\n      <View className=\\\"flex-1 items-center justify-center\\\">·\n        <ActivityIndicator size=\\\"large\\\" color={colors.primary} />·\n      </View>·\n    );·\n  }···\n  const today = new Date();·\n  const dateStr = today.toLocaleDateString(undefined, {·\n    weekday: 'long',·\n    day: '2-digit',·\n    month: 'short',·\n  });···\n  return (·\n    <View className=\\\"gap-4 pt-4 pb-content-bottom\\\">·\n      {/* Welcome Banner */}·\n      <View className=\\\"mb-4\\\">·\n        <Text variant=\\\"caption\\\" className=\\\"text-text-secondary uppercase font-bold tracking-wide\\\">·\n          {dateStr}·\n        </Text>·\n        <Text variant=\\\"title\\\" className=\\\"font-bold mt-1\\\">·\n          Bem-vindo!·\n        </Text>·\n      </View>···\n      <View className=\\\"gap-4 pb-content-bottom\\\">·\n        {/* Diet Widget */}·\n        {metrics && (·\n          <DietWidget·\n            calories={metrics.caloriesConsumed}·\n            goal={metrics.caloriesGoal}·\n            protein={metrics.proteinConsumed}·\n            proteinGoal={metrics.proteinGoal}·\n            carbs={metrics.carbsConsumed}·\n            carbsGoal={metrics.carbsGoal}·\n            fat={metrics.fatConsumed}·\n            fatGoal={metrics.fatGoal}·\n          />·\n        )}···\n        {/* Training Widget */}·\n        {metrics && (·\n          <TrainingWidget·\n            programName={metrics.activeProgramName}·\n            hasTrainedToday={metrics.hasTrainedToday}·\n            weeklyWorkouts={metrics.weeklyWorkoutsCount}·\n            weeklyGoal={metrics.weeklyWorkoutsGoal}·\n            lastVolume={metrics.lastSessionVolume}·\n          />·\n        )}···\n        {/* Quick Shortcuts */}·\n        <View className=\\\"mt-2\\\">·\n          <Text variant=\\\"subtitle\\\" className=\\\"mb-3 font-bold\\\">·\n            Ações rápidas·\n          </Text>·\n          <View className=\\\"flex-row gap-2\\\">·\n            <Button variant=\\\"outline\\\" className=\\\"flex-1\\\" onPress={() => router.push('/diet/create-meal')}><Text>Adicionar refeição</Text></Button>·\n            <Button variant=\\\"secondary\\\" className=\\\"flex-1\\\" onPress={() => router.push('/training')}><Text>Plano de treino</Text></Button>·\n          </View>·\n        </View>·\n      </View>·\n    </View>·\n  );·\n}·\n\"","pass":false}}],"failureMessages":["Error: expect(received).toContain(expected) // indexOf\n\nExpected substring: \"bg-background\"\nReceived string:    \"import React, { useCallback } from 'react';·\nimport { View, ActivityIndicator } from 'react-native';·\nimport { useFocusEffect, router } from 'expo-router';·\nimport { DietWidget } from './DietWidget';·\nimport { TrainingWidget } from './TrainingWidget';·\nimport { Button } from \\\"@/components/ui/button\\\";·\nimport { Text } from \\\"@/components/ui/text\\\";·\nimport { useColorScheme } from 'nativewind';·\nimport { lightTheme, darkTheme } from '@/tokens/theme';···\ninterface DashboardScreenProps {·\n  metrics: any;·\n  isLoading: boolean;·\n  refetch: () => void;·\n}···\nexport function DashboardScreen({ metrics, isLoading, refetch }: DashboardScreenProps) {·\n  const { colorScheme } = useColorScheme();·\n  const colors = colorScheme === 'dark' ? darkTheme : lightTheme;···\n  useFocusEffect(·\n    useCallback(() => {·\n      refetch();·\n    }, [refetch])·\n  );···\n  if (isLoading && !metrics) {·\n    return (·\n      <View className=\\\"flex-1 items-center justify-center\\\">·\n        <ActivityIndicator size=\\\"large\\\" color={colors.primary} />·\n      </View>·\n    );·\n  }···\n  const today = new Date();·\n  const dateStr = today.toLocaleDateString(undefined, {·\n    weekday: 'long',·\n    day: '2-digit',·\n    month: 'short',·\n  });···\n  return (·\n    <View className=\\\"gap-4 pt-4 pb-content-bottom\\\">·\n      {/* Welcome Banner */}·\n      <View className=\\\"mb-4\\\">·\n        <Text variant=\\\"caption\\\" className=\\\"text-text-secondary uppercase font-bold tracking-wide\\\">·\n          {dateStr}·\n        </Text>·\n        <Text variant=\\\"title\\\" className=\\\"font-bold mt-1\\\">·\n          Bem-vindo!·\n        </Text>·\n      </View>···\n      <View className=\\\"gap-4 pb-content-bottom\\\">·\n        {/* Diet Widget */}·\n        {metrics && (·\n          <DietWidget·\n            calories={metrics.caloriesConsumed}·\n            goal={metrics.caloriesGoal}·\n            protein={metrics.proteinConsumed}·\n            proteinGoal={metrics.proteinGoal}·\n            carbs={metrics.carbsConsumed}·\n            carbsGoal={metrics.carbsGoal}·\n            fat={metrics.fatConsumed}·\n            fatGoal={metrics.fatGoal}·\n          />·\n        )}···\n        {/* Training Widget */}·\n        {metrics && (·\n          <TrainingWidget·\n            programName={metrics.activeProgramName}·\n            hasTrainedToday={metrics.hasTrainedToday}·\n            weeklyWorkouts={metrics.weeklyWorkoutsCount}·\n            weeklyGoal={metrics.weeklyWorkoutsGoal}·\n            lastVolume={metrics.lastSessionVolume}·\n          />·\n        )}···\n        {/* Quick Shortcuts */}·\n        <View className=\\\"mt-2\\\">·\n          <Text variant=\\\"subtitle\\\" className=\\\"mb-3 font-bold\\\">·\n            Ações rápidas·\n          </Text>·\n          <View className=\\\"flex-row gap-2\\\">·\n            <Button variant=\\\"outline\\\" className=\\\"flex-1\\\" onPress={() => router.push('/diet/create-meal')}><Text>Adicionar refeição</Text></Button>·\n            <Button variant=\\\"secondary\\\" className=\\\"flex-1\\\" onPress={() => router.push('/training')}><Text>Plano de treino</Text></Button>·\n          </View>·\n        </View>·\n      </View>·\n    </View>·\n  );·\n}·\n\"\n    at Object.toContain (C:\\Programmer\\fitApp\\src\\features\\dashboard\\components\\__tests__\\DashboardScreen.test.tsx:9:21)\n    at Promise.then.completed (C:\\Programmer\\fitApp\\node_modules\\jest-circus\\build\\utils.js:298:28)\n    at new Promise (<anonymous>)\n    at callAsyncCircusFn (C:\\Programmer\\fitApp\\node_modules\\jest-circus\\build\\utils.js:231:10)\n    at _callCircusTest (C:\\Programmer\\fitApp\\node_modules\\jest-circus\\build\\run.js:316:40)\n    at processTicksAndRejections (node:internal/process/task_queues:105:5)\n    at _runTest (C:\\Programmer\\fitApp\\node_modules\\jest-circus\\build\\run.js:252:3)\n    at _runTestsForDescribeBlock (C:\\Programmer\\fitApp\\node_modules\\jest-circus\\build\\run.js:126:9)\n    at _runTestsForDescribeBlock (C:\\Programmer\\fitApp\\node_modules\\jest-circus\\build\\run.js:121:9)\n    at run (C:\\Programmer\\fitApp\\node_modules\\jest-circus\\build\\run.js:71:3)\n    at runAndTransformResultsToJestFormat (C:\\Programmer\\fitApp\\node_modules\\jest-circus\\build\\legacy-code-todo-rewrite\\jestAdapterInit.js:122:21)\n    at jestAdapter (C:\\Programmer\\fitApp\\node_modules\\jest-circus\\build\\legacy-code-todo-rewrite\\jestAdapter.js:79:19)\n    at runTestInternal (C:\\Programmer\\fitApp\\node_modules\\jest-runner\\build\\runTest.js:367:16)\n    at runTest (C:\\Programmer\\fitApp\\node_modules\\jest-runner\\build\\runTest.js:444:34)\n    at Object.worker (C:\\Programmer\\fitApp\\node_modules\\jest-runner\\build\\testWorker.js:106:12)"],"fullName":"Dashboard Tests DashboardScreen uses background and primary tokens","invocations":1,"location":null,"numPassingAsserts":0,"retryReasons":[],"status":"failed","title":"DashboardScreen uses background and primary tokens"},{"ancestorTitles":["Dashboard Tests"],"duration":0,"failureDetails":[{"matcherResult":{"message":"expect(received).toContain(expected) // indexOf\n\nExpected substring: \"border-border-subtle\"\nReceived string:    \"import { Text } from '@/components/ui/text';·\nimport React from 'react';·\nimport { View } from 'react-native';·\nimport { router } from 'expo-router';·\nimport { Plus } from 'lucide-react-native';·\nimport { Separator } from '@/components/ui/separator';·\nimport { ProgressCircle } from '../../../components/atoms/ProgressCircle';·\nimport { MacroTrackerCard } from './MacroTrackerCard';·\nimport { Card } from \\\"@/components/ui/card\\\";·\nimport { Button } from '@/components/ui/button';·\nimport { Icon } from '@/components/ui/icon';·\nimport { Progress } from '@/components/ui/progress';···\ninterface DietWidgetProps {·\n  calories: number;·\n  goal: number;·\n  protein: number;·\n  proteinGoal: number;·\n  carbs: number;·\n  carbsGoal: number;·\n  fat: number;·\n  fatGoal: number;·\n}···\nexport function DietWidget({·\n  calories,·\n  goal,·\n  protein,·\n  proteinGoal,·\n  carbs,·\n  carbsGoal,·\n  fat,·\n  fatGoal,·\n}: DietWidgetProps) {·\n  const calPercentage = Math.min(Math.round((calories / goal) * 100), 100);·\n  const protPercentage = Math.min(Math.round((protein / proteinGoal) * 100), 100);·\n  const carbPercentage = Math.min(Math.round((carbs / carbsGoal) * 100), 100);·\n  const fatPercentage = Math.min(Math.round((fat / fatGoal) * 100), 100);···\n  const remaining = Math.max(goal - calories, 0);···\n  return (·\n    <Card>·\n      <View className=\\\"flex-row items-center justify-between pb-3 mb-3\\\">·\n        <Text variant=\\\"subtitle\\\" className=\\\"font-bold\\\">·\n          Dieta e nutrição·\n        </Text>·\n        <Button·\n          accessibilityLabel=\\\"Adicionar refeição\\\"·\n          variant=\\\"secondary\\\"·\n          size=\\\"sm\\\"·\n          onPress={() => router.push('/diet/create-meal')}·\n        >·\n          <Icon as={Plus} size={16} />·\n          <Text variant=\\\"caption\\\">·\n            Adicionar refeição·\n          </Text>·\n        </Button>·\n      </View>·\n      <Separator className=\\\"mb-3\\\" />···\n      {/* Calories Circle/Prog */}·\n      <View className=\\\"flex-row items-center justify-between mb-4\\\">·\n        <View className=\\\"flex-1 pr-4\\\">·\n          <View className=\\\"flex-row items-baseline gap-1\\\">·\n            <Text variant=\\\"display\\\" className=\\\"text-primary\\\">·\n              {calories}·\n            </Text>·\n            <Text variant=\\\"caption\\\" className=\\\"text-text-secondary\\\">·\n              / {goal} kcal consumidas·\n            </Text>·\n          </View>·\n          <Text variant=\\\"caption\\\" className=\\\"text-text-secondary mt-1\\\">·\n            {remaining > 0 ? `${remaining} kcal restantes` : 'Meta atingida'}·\n          </Text>·\n        </View>···\n        <ProgressCircle percentage={calPercentage} />·\n      </View>···\n      {/* Main progress bar */}·\n      <Progress value={calPercentage} className=\\\"mb-4\\\" />···\n      {/* Macro Breakdown */}·\n      <View className=\\\"flex-row gap-3\\\">·\n        <MacroTrackerCard·\n          name=\\\"Proteínas\\\"·\n          current={protein}·\n          target={proteinGoal}·\n          tone=\\\"protein\\\"·\n          progress={protPercentage}·\n        />·\n        <MacroTrackerCard·\n          name=\\\"Carboidratos\\\"·\n          current={carbs}·\n          target={carbsGoal}·\n          tone=\\\"carbs\\\"·\n          progress={carbPercentage}·\n        />·\n        <MacroTrackerCard·\n          name=\\\"Gorduras\\\"·\n          current={fat}·\n          target={fatGoal}·\n          tone=\\\"fat\\\"·\n          progress={fatPercentage}·\n        />·\n      </View>···\n      <Separator className=\\\"mt-4\\\" />·\n      <Button·\n        variant=\\\"ghost\\\"·\n        onPress={() => router.push('/diet')}·\n        className=\\\"pt-4\\\"·\n      >·\n        <Text variant=\\\"caption\\\">·\n          Ver detalhes da dieta·\n        </Text>·\n      </Button>·\n    </Card>·\n  );·\n}·\n\"","pass":false}}],"failureMessages":["Error: expect(received).toContain(expected) // indexOf\n\nExpected substring: \"border-border-subtle\"\nReceived string:    \"import { Text } from '@/components/ui/text';·\nimport React from 'react';·\nimport { View } from 'react-native';·\nimport { router } from 'expo-router';·\nimport { Plus } from 'lucide-react-native';·\nimport { Separator } from '@/components/ui/separator';·\nimport { ProgressCircle } from '../../../components/atoms/ProgressCircle';·\nimport { MacroTrackerCard } from './MacroTrackerCard';·\nimport { Card } from \\\"@/components/ui/card\\\";·\nimport { Button } from '@/components/ui/button';·\nimport { Icon } from '@/components/ui/icon';·\nimport { Progress } from '@/components/ui/progress';···\ninterface DietWidgetProps {·\n  calories: number;·\n  goal: number;·\n  protein: number;·\n  proteinGoal: number;·\n  carbs: number;·\n  carbsGoal: number;·\n  fat: number;·\n  fatGoal: number;·\n}···\nexport function DietWidget({·\n  calories,·\n  goal,·\n  protein,·\n  proteinGoal,·\n  carbs,·\n  carbsGoal,·\n  fat,·\n  fatGoal,·\n}: DietWidgetProps) {·\n  const calPercentage = Math.min(Math.round((calories / goal) * 100), 100);·\n  const protPercentage = Math.min(Math.round((protein / proteinGoal) * 100), 100);·\n  const carbPercentage = Math.min(Math.round((carbs / carbsGoal) * 100), 100);·\n  const fatPercentage = Math.min(Math.round((fat / fatGoal) * 100), 100);···\n  const remaining = Math.max(goal - calories, 0);···\n  return (·\n    <Card>·\n      <View className=\\\"flex-row items-center justify-between pb-3 mb-3\\\">·\n        <Text variant=\\\"subtitle\\\" className=\\\"font-bold\\\">·\n          Dieta e nutrição·\n        </Text>·\n        <Button·\n          accessibilityLabel=\\\"Adicionar refeição\\\"·\n          variant=\\\"secondary\\\"·\n          size=\\\"sm\\\"·\n          onPress={() => router.push('/diet/create-meal')}·\n        >·\n          <Icon as={Plus} size={16} />·\n          <Text variant=\\\"caption\\\">·\n            Adicionar refeição·\n          </Text>·\n        </Button>·\n      </View>·\n      <Separator className=\\\"mb-3\\\" />···\n      {/* Calories Circle/Prog */}·\n      <View className=\\\"flex-row items-center justify-between mb-4\\\">·\n        <View className=\\\"flex-1 pr-4\\\">·\n          <View className=\\\"flex-row items-baseline gap-1\\\">·\n            <Text variant=\\\"display\\\" className=\\\"text-primary\\\">·\n              {calories}·\n            </Text>·\n            <Text variant=\\\"caption\\\" className=\\\"text-text-secondary\\\">·\n              / {goal} kcal consumidas·\n            </Text>·\n          </View>·\n          <Text variant=\\\"caption\\\" className=\\\"text-text-secondary mt-1\\\">·\n            {remaining > 0 ? `${remaining} kcal restantes` : 'Meta atingida'}·\n          </Text>·\n        </View>···\n        <ProgressCircle percentage={calPercentage} />·\n      </View>···\n      {/* Main progress bar */}·\n      <Progress value={calPercentage} className=\\\"mb-4\\\" />···\n      {/* Macro Breakdown */}·\n      <View className=\\\"flex-row gap-3\\\">·\n        <MacroTrackerCard·\n          name=\\\"Proteínas\\\"·\n          current={protein}·\n          target={proteinGoal}·\n          tone=\\\"protein\\\"·\n          progress={protPercentage}·\n        />·\n        <MacroTrackerCard·\n          name=\\\"Carboidratos\\\"·\n          current={carbs}·\n          target={carbsGoal}·\n          tone=\\\"carbs\\\"·\n          progress={carbPercentage}·\n        />·\n        <MacroTrackerCard·\n          name=\\\"Gorduras\\\"·\n          current={fat}·\n          target={fatGoal}·\n          tone=\\\"fat\\\"·\n          progress={fatPercentage}·\n        />·\n      </View>···\n      <Separator className=\\\"mt-4\\\" />·\n      <Button·\n        variant=\\\"ghost\\\"·\n        onPress={() => router.push('/diet')}·\n        className=\\\"pt-4\\\"·\n      >·\n        <Text variant=\\\"caption\\\">·\n          Ver detalhes da dieta·\n        </Text>·\n      </Button>·\n    </Card>·\n  );·\n}·\n\"\n    at Object.toContain (C:\\Programmer\\fitApp\\src\\features\\dashboard\\components\\__tests__\\DashboardScreen.test.tsx:19:21)\n    at Promise.then.completed (C:\\Programmer\\fitApp\\node_modules\\jest-circus\\build\\utils.js:298:28)\n    at new Promise (<anonymous>)\n    at callAsyncCircusFn (C:\\Programmer\\fitApp\\node_modules\\jest-circus\\build\\utils.js:231:10)\n    at _callCircusTest (C:\\Programmer\\fitApp\\node_modules\\jest-circus\\build\\run.js:316:40)\n    at processTicksAndRejections (node:internal/process/task_queues:105:5)\n    at _runTest (C:\\Programmer\\fitApp\\node_modules\\jest-circus\\build\\run.js:252:3)\n    at _runTestsForDescribeBlock (C:\\Programmer\\fitApp\\node_modules\\jest-circus\\build\\run.js:126:9)\n    at _runTestsForDescribeBlock (C:\\Programmer\\fitApp\\node_modules\\jest-circus\\build\\run.js:121:9)\n    at run (C:\\Programmer\\fitApp\\node_modules\\jest-circus\\build\\run.js:71:3)\n    at runAndTransformResultsToJestFormat (C:\\Programmer\\fitApp\\node_modules\\jest-circus\\build\\legacy-code-todo-rewrite\\jestAdapterInit.js:122:21)\n    at jestAdapter (C:\\Programmer\\fitApp\\node_modules\\jest-circus\\build\\legacy-code-todo-rewrite\\jestAdapter.js:79:19)\n    at runTestInternal (C:\\Programmer\\fitApp\\node_modules\\jest-runner\\build\\runTest.js:367:16)\n    at runTest (C:\\Programmer\\fitApp\\node_modules\\jest-runner\\build\\runTest.js:444:34)\n    at Object.worker (C:\\Programmer\\fitApp\\node_modules\\jest-runner\\build\\testWorker.js:106:12)"],"fullName":"Dashboard Tests DietWidget uses semantic tokens","invocations":1,"location":null,"numPassingAsserts":0,"retryReasons":[],"status":"failed","title":"DietWidget uses semantic tokens"},{"ancestorTitles":["Dashboard Tests"],"duration":1,"failureDetails":[],"failureMessages":[],"fullName":"Dashboard Tests TrainingWidget uses semantic tokens","invocations":1,"location":null,"numPassingAsserts":5,"retryReasons":[],"status":"passed","title":"TrainingWidget uses semantic tokens"},{"ancestorTitles":["Dashboard Tests"],"duration":2,"failureDetails":[],"failureMessages":[],"fullName":"Dashboard Tests MacroTrackerCard uses canonical macro semantics","invocations":1,"location":null,"numPassingAsserts":7,"retryReasons":[],"status":"passed","title":"MacroTrackerCard uses canonical macro semantics"}],"endTime":1782781265656,"message":"  ● Dashboard Tests › DashboardScreen uses background and primary tokens\n\n    expect(received).toContain(expected) // indexOf\n\n    Expected substring: \"bg-background\"\n    Received string:    \"import React, { useCallback } from 'react';·\n    import { View, ActivityIndicator } from 'react-native';·\n    import { useFocusEffect, router } from 'expo-router';·\n    import { DietWidget } from './DietWidget';·\n    import { TrainingWidget } from './TrainingWidget';·\n    import { Button } from \\\"@/components/ui/button\\\";·\n    import { Text } from \\\"@/components/ui/text\\\";·\n    import { useColorScheme } from 'nativewind';·\n    import { lightTheme, darkTheme } from '@/tokens/theme';···\n    interface DashboardScreenProps {·\n      metrics: any;·\n      isLoading: boolean;·\n      refetch: () => void;·\n    }···\n    export function DashboardScreen({ metrics, isLoading, refetch }: DashboardScreenProps) {·\n      const { colorScheme } = useColorScheme();·\n      const colors = colorScheme === 'dark' ? darkTheme : lightTheme;···\n      useFocusEffect(·\n        useCallback(() => {·\n          refetch();·\n        }, [refetch])·\n      );···\n      if (isLoading && !metrics) {·\n        return (·\n          <View className=\\\"flex-1 items-center justify-center\\\">·\n            <ActivityIndicator size=\\\"large\\\" color={colors.primary} />·\n          </View>·\n        );·\n      }···\n      const today = new Date();·\n      const dateStr = today.toLocaleDateString(undefined, {·\n        weekday: 'long',·\n        day: '2-digit',·\n        month: 'short',·\n      });···\n      return (·\n        <View className=\\\"gap-4 pt-4 pb-content-bottom\\\">·\n          {/* Welcome Banner */}·\n          <View className=\\\"mb-4\\\">·\n            <Text variant=\\\"caption\\\" className=\\\"text-text-secondary uppercase font-bold tracking-wide\\\">·\n              {dateStr}·\n            </Text>·\n            <Text variant=\\\"title\\\" className=\\\"font-bold mt-1\\\">·\n              Bem-vindo!·\n            </Text>·\n          </View>···\n          <View className=\\\"gap-4 pb-content-bottom\\\">·\n            {/* Diet Widget */}·\n            {metrics && (·\n              <DietWidget·\n                calories={metrics.caloriesConsumed}·\n                goal={metrics.caloriesGoal}·\n                protein={metrics.proteinConsumed}·\n                proteinGoal={metrics.proteinGoal}·\n                carbs={metrics.carbsConsumed}·\n                carbsGoal={metrics.carbsGoal}·\n                fat={metrics.fatConsumed}·\n                fatGoal={metrics.fatGoal}·\n              />·\n            )}···\n            {/* Training Widget */}·\n            {metrics && (·\n              <TrainingWidget·\n                programName={metrics.activeProgramName}·\n                hasTrainedToday={metrics.hasTrainedToday}·\n                weeklyWorkouts={metrics.weeklyWorkoutsCount}·\n                weeklyGoal={metrics.weeklyWorkoutsGoal}·\n                lastVolume={metrics.lastSessionVolume}·\n              />·\n            )}···\n            {/* Quick Shortcuts */}·\n            <View className=\\\"mt-2\\\">·\n              <Text variant=\\\"subtitle\\\" className=\\\"mb-3 font-bold\\\">·\n                Ações rápidas·\n              </Text>·\n              <View className=\\\"flex-row gap-2\\\">·\n                <Button variant=\\\"outline\\\" className=\\\"flex-1\\\" onPress={() => router.push('/diet/create-meal')}><Text>Adicionar refeição</Text></Button>·\n                <Button variant=\\\"secondary\\\" className=\\\"flex-1\\\" onPress={() => router.push('/training')}><Text>Plano de treino</Text></Button>·\n              </View>·\n            </View>·\n          </View>·\n        </View>·\n      );·\n    }·\n    \"\n\n    \u001b[0m \u001b[90m  7 |\u001b[39m     \u001b[36mconst\u001b[39m content \u001b[33m=\u001b[39m fs\u001b[33m.\u001b[39mreadFileSync(filePath\u001b[33m,\u001b[39m \u001b[32m'utf8'\u001b[39m)\u001b[33m;\u001b[39m\n     \u001b[90m  8 |\u001b[39m\n    \u001b[31m\u001b[1m>\u001b[22m\u001b[39m\u001b[90m  9 |\u001b[39m     expect(content)\u001b[33m.\u001b[39mtoContain(\u001b[32m'bg-background'\u001b[39m)\u001b[33m;\u001b[39m\n     \u001b[90m    |\u001b[39m                     \u001b[31m\u001b[1m^\u001b[22m\u001b[39m\n     \u001b[90m 10 |\u001b[39m     expect(content)\u001b[33m.\u001b[39mtoContain(\u001b[32m'colors.primary'\u001b[39m)\u001b[33m;\u001b[39m\n     \u001b[90m 11 |\u001b[39m     expect(content)\u001b[33m.\u001b[39mtoContain(\u001b[32m'text-text-secondary'\u001b[39m)\u001b[33m;\u001b[39m\n     \u001b[90m 12 |\u001b[39m     expect(content)\u001b[33m.\u001b[39mnot\u001b[33m.\u001b[39mtoContain(\u001b[32m'bg-surface-app'\u001b[39m)\u001b[33m;\u001b[39m\u001b[0m\n\n      at Object.toContain (src/features/dashboard/components/__tests__/DashboardScreen.test.tsx:9:21)\n\n  ● Dashboard Tests › DietWidget uses semantic tokens\n\n    expect(received).toContain(expected) // indexOf\n\n    Expected substring: \"border-border-subtle\"\n    Received string:    \"import { Text } from '@/components/ui/text';·\n    import React from 'react';·\n    import { View } from 'react-native';·\n    import { router } from 'expo-router';·\n    import { Plus } from 'lucide-react-native';·\n    import { Separator } from '@/components/ui/separator';·\n    import { ProgressCircle } from '../../../components/atoms/ProgressCircle';·\n    import { MacroTrackerCard } from './MacroTrackerCard';·\n    import { Card } from \\\"@/components/ui/card\\\";·\n    import { Button } from '@/components/ui/button';·\n    import { Icon } from '@/components/ui/icon';·\n    import { Progress } from '@/components/ui/progress';···\n    interface DietWidgetProps {·\n      calories: number;·\n      goal: number;·\n      protein: number;·\n      proteinGoal: number;·\n      carbs: number;·\n      carbsGoal: number;·\n      fat: number;·\n      fatGoal: number;·\n    }···\n    export function DietWidget({·\n      calories,·\n      goal,·\n      protein,·\n      proteinGoal,·\n      carbs,·\n      carbsGoal,·\n      fat,·\n      fatGoal,·\n    }: DietWidgetProps) {·\n      const calPercentage = Math.min(Math.round((calories / goal) * 100), 100);·\n      const protPercentage = Math.min(Math.round((protein / proteinGoal) * 100), 100);·\n      const carbPercentage = Math.min(Math.round((carbs / carbsGoal) * 100), 100);·\n      const fatPercentage = Math.min(Math.round((fat / fatGoal) * 100), 100);···\n      const remaining = Math.max(goal - calories, 0);···\n      return (·\n        <Card>·\n          <View className=\\\"flex-row items-center justify-between pb-3 mb-3\\\">·\n            <Text variant=\\\"subtitle\\\" className=\\\"font-bold\\\">·\n              Dieta e nutrição·\n            </Text>·\n            <Button·\n              accessibilityLabel=\\\"Adicionar refeição\\\"·\n              variant=\\\"secondary\\\"·\n              size=\\\"sm\\\"·\n              onPress={() => router.push('/diet/create-meal')}·\n            >·\n              <Icon as={Plus} size={16} />·\n              <Text variant=\\\"caption\\\">·\n                Adicionar refeição·\n              </Text>·\n            </Button>·\n          </View>·\n          <Separator className=\\\"mb-3\\\" />···\n          {/* Calories Circle/Prog */}·\n          <View className=\\\"flex-row items-center justify-between mb-4\\\">·\n            <View className=\\\"flex-1 pr-4\\\">·\n              <View className=\\\"flex-row items-baseline gap-1\\\">·\n                <Text variant=\\\"display\\\" className=\\\"text-primary\\\">·\n                  {calories}·\n                </Text>·\n                <Text variant=\\\"caption\\\" className=\\\"text-text-secondary\\\">·\n                  / {goal} kcal consumidas·\n                </Text>·\n              </View>·\n              <Text variant=\\\"caption\\\" className=\\\"text-text-secondary mt-1\\\">·\n                {remaining > 0 ? `${remaining} kcal restantes` : 'Meta atingida'}·\n              </Text>·\n            </View>···\n            <ProgressCircle percentage={calPercentage} />·\n          </View>···\n          {/* Main progress bar */}·\n          <Progress value={calPercentage} className=\\\"mb-4\\\" />···\n          {/* Macro Breakdown */}·\n          <View className=\\\"flex-row gap-3\\\">·\n            <MacroTrackerCard·\n              name=\\\"Proteínas\\\"·\n              current={protein}·\n              target={proteinGoal}·\n              tone=\\\"protein\\\"·\n              progress={protPercentage}·\n            />·\n            <MacroTrackerCard·\n              name=\\\"Carboidratos\\\"·\n              current={carbs}·\n              target={carbsGoal}·\n              tone=\\\"carbs\\\"·\n              progress={carbPercentage}·\n            />·\n            <MacroTrackerCard·\n              name=\\\"Gorduras\\\"·\n              current={fat}·\n              target={fatGoal}·\n              tone=\\\"fat\\\"·\n              progress={fatPercentage}·\n            />·\n          </View>···\n          <Separator className=\\\"mt-4\\\" />·\n          <Button·\n            variant=\\\"ghost\\\"·\n            onPress={() => router.push('/diet')}·\n            className=\\\"pt-4\\\"·\n          >·\n            <Text variant=\\\"caption\\\">·\n              Ver detalhes da dieta·\n            </Text>·\n          </Button>·\n        </Card>·\n      );·\n    }·\n    \"\n\n    \u001b[0m \u001b[90m 17 |\u001b[39m     \u001b[36mconst\u001b[39m content \u001b[33m=\u001b[39m fs\u001b[33m.\u001b[39mreadFileSync(filePath\u001b[33m,\u001b[39m \u001b[32m'utf8'\u001b[39m)\u001b[33m;\u001b[39m\n     \u001b[90m 18 |\u001b[39m\n    \u001b[31m\u001b[1m>\u001b[22m\u001b[39m\u001b[90m 19 |\u001b[39m     expect(content)\u001b[33m.\u001b[39mtoContain(\u001b[32m'border-border-subtle'\u001b[39m)\u001b[33m;\u001b[39m\n     \u001b[90m    |\u001b[39m                     \u001b[31m\u001b[1m^\u001b[22m\u001b[39m\n     \u001b[90m 20 |\u001b[39m     expect(content)\u001b[33m.\u001b[39mtoContain(\u001b[32m'text-primary'\u001b[39m)\u001b[33m;\u001b[39m\n     \u001b[90m 21 |\u001b[39m     expect(content)\u001b[33m.\u001b[39mnot\u001b[33m.\u001b[39mtoContain(\u001b[32m'color=\"accent\"'\u001b[39m)\u001b[33m;\u001b[39m\n     \u001b[90m 22 |\u001b[39m     expect(content)\u001b[33m.\u001b[39mnot\u001b[33m.\u001b[39mtoContain(\u001b[32m'color=\"muted\"'\u001b[39m)\u001b[33m;\u001b[39m\u001b[0m\n\n      at Object.toContain (src/features/dashboard/components/__tests__/DashboardScreen.test.tsx:19:21)\n","name":"C:\\Programmer\\fitApp\\src\\features\\dashboard\\components\\__tests__\\DashboardScreen.test.tsx","startTime":1782781264682,"status":"failed","summary":""},{"assertionResults":[{"ancestorTitles":["Program Form Bypass Tests"],"duration":14,"failureDetails":[{"matcherResult":{"message":"expect(received).toContain(expected) // indexOf\n\nExpected substring: \"text-primary\"\nReceived string:    \"import React from 'react';·\nimport { View } from 'react-native';···\nimport { Plus, Trash2, Layers } from 'lucide-react-native';·\nimport { EmptyState } from '../../../components/molecules/EmptyState';·\nimport { useProgramForm } from '../hooks/useProgramForm';·\nimport { ExerciseSelect } from './ExerciseSelect';·\nimport { Button } from \\\"@/components/ui/button\\\";·\nimport { Text } from \\\"@/components/ui/text\\\";·\nimport { Input } from \\\"@/components/ui/input\\\";·\nimport { Icon } from '@/components/ui/icon';·\nimport { Label } from '@/components/ui/label';·\nimport { FeedbackDialog } from '@/components/organisms/FeedbackDialog';·\nimport { router } from 'expo-router';···\nexport function ProgramForm() {·\n  const {·\n    programName,·\n    setProgramName,·\n    blocks,·\n    handleAddBlock,·\n    handleRemoveBlock,·\n    handleBlockNameChange,·\n    handleAddExercise,·\n    handleRemoveExercise,·\n    handleExerciseChange,·\n    handleSave,·\n    isSaving,·\n    errors,·\n    feedback,·\n    clearFeedback,·\n  } = useProgramForm();···\n  return (·\n    <View className=\\\"py-4 pb-long-form-bottom\\\">·\n      {errors.global && (·\n        <Text variant=\\\"caption\\\" className=\\\"text-error text-center my-2\\\">·\n          {errors.global}·\n        </Text>·\n      )}···\n      <View className=\\\"mb-6 bg-surface p-4 rounded-xl border border-border-subtle\\\">·\n        <Label className=\\\"mb-2\\\">Nome do Programa</Label>·\n        <Input·\n          placeholder=\\\"Ex.: Hipertrofia ABC\\\"·\n          value={programName}·\n          onChangeText={setProgramName}·\n          className=\\\"mb-4 font-bold\\\"·\n          hasError={!!errors.programName}·\n        />·\n        {errors.programName && (·\n          <Text variant=\\\"caption\\\" className=\\\"text-error mt-1\\\">·\n            {errors.programName}·\n          </Text>·\n        )}·\n      </View>···\n      <View className=\\\"mb-4 flex-row items-center justify-between border-b border-border-subtle pb-2\\\">·\n        <Text variant=\\\"title\\\">Blocos de treino</Text>·\n        <Button·\n          variant=\\\"secondary\\\"·\n          size=\\\"sm\\\"·\n          onPress={handleAddBlock}·\n        >·\n          <Icon as={Plus} size={16} />·\n          <Text variant=\\\"caption\\\">·\n            Adicionar bloco·\n          </Text>·\n        </Button>·\n      </View>···\n      {blocks.map((block, bIdx) => (·\n        <View·\n          key={block.id}·\n          className=\\\"mb-4 rounded-md border border-border-subtle bg-surface-elevated p-4\\\"·\n        >·\n          <View className=\\\"flex-row items-center justify-between mb-3 gap-2\\\">·\n            <Input·\n              placeholder=\\\"Ex.: Treino A\\\"·\n              value={block.name}·\n              onChangeText={(val) => handleBlockNameChange(block.id, val)}·\n              className=\\\"flex-1 font-bold\\\"·\n              hasError={!!errors.blockNames?.[block.id]}·\n            />·\n            <Button·\n              accessibilityLabel={`Excluir bloco ${block.name || bIdx + 1}`}·\n              variant=\\\"ghost\\\"·\n              size=\\\"icon\\\"·\n              onPress={() => handleRemoveBlock(block.id)}·\n            >·\n              <Icon as={Trash2} size={16} className=\\\"text-error\\\" />·\n            </Button>·\n          </View>·\n          {errors.blockNames?.[block.id] && (·\n            <Text variant=\\\"caption\\\" className=\\\"text-error mb-4\\\">·\n              {errors.blockNames[block.id]}·\n            </Text>·\n          )}···\n          {/* Exercises */}·\n          <Text variant=\\\"label\\\" className=\\\"mb-2 text-text-secondary\\\">·\n            Exercícios·\n          </Text>···\n          {block.exercises.map((exercise, eIdx) => (·\n            <View·\n              key={exercise.id}·\n              className=\\\"mb-3 rounded-md border border-border-subtle bg-surface p-3\\\"·\n            >·\n              <View className=\\\"flex-row justify-between items-center mb-2 gap-2\\\">·\n                <ExerciseSelect·\n                  value={exercise.name}·\n                  onChange={(val) =>·\n                    handleExerciseChange(block.id, exercise.id, 'name', val)·\n                  }·\n                />·\n                {errors.exercises?.[exercise.id] && (·\n                  <Text variant=\\\"caption\\\" className=\\\"text-error mt-1\\\">·\n                    {errors.exercises[exercise.id]}·\n                  </Text>·\n                )}·\n                <Button·\n                  accessibilityLabel={`Excluir exercício ${exercise.name || eIdx + 1}`}·\n                  variant=\\\"ghost\\\"·\n                  size=\\\"icon\\\"·\n                  onPress={() => handleRemoveExercise(block.id, exercise.id)}·\n                >·\n                  <Icon as={Trash2} size={16} className=\\\"text-error\\\" />·\n                </Button>·\n              </View>···\n              <View className=\\\"flex-row gap-2\\\">·\n                {/* Sets */}·\n                <View className=\\\"flex-1\\\">·\n                  <Text variant=\\\"caption\\\" className=\\\"text-text-secondary mb-1 text-center\\\">·\n                    Séries·\n                  </Text>·\n                  <Input·\n                    keyboardType=\\\"numeric\\\"·\n                    placeholder=\\\"3\\\"·\n                    value={exercise.sets.toString()}·\n                    onChangeText={(val) =>·\n                      handleExerciseChange(·\n                        block.id,·\n                        exercise.id,·\n                        'sets',·\n                        parseInt(val, 10) || 0·\n                      )·\n                    }·\n                    className=\\\"px-2 text-center font-bold\\\"·\n                  />·\n                </View>···\n                {/* Min Reps */}·\n                <View className=\\\"flex-1\\\">·\n                  <Text variant=\\\"caption\\\" className=\\\"text-text-secondary mb-1 text-center\\\">·\n                    Reps mín.·\n                  </Text>·\n                  <Input·\n                    keyboardType=\\\"numeric\\\"·\n                    placeholder=\\\"8\\\"·\n                    value={exercise.repsMin.toString()}·\n                    onChangeText={(val) =>·\n                      handleExerciseChange(·\n                        block.id,·\n                        exercise.id,·\n                        'repsMin',·\n                        parseInt(val, 10) || 0·\n                      )·\n                    }·\n                    className=\\\"px-2 text-center font-bold\\\"·\n                  />·\n                </View>···\n                {/* Max Reps */}·\n                <View className=\\\"flex-1\\\">·\n                  <Text variant=\\\"caption\\\" className=\\\"text-text-secondary mb-1 text-center\\\">·\n                    Reps máx.·\n                  </Text>·\n                  <Input·\n                    keyboardType=\\\"numeric\\\"·\n                    placeholder=\\\"12\\\"·\n                    value={exercise.repsMax.toString()}·\n                    onChangeText={(val) =>·\n                      handleExerciseChange(·\n                        block.id,·\n                        exercise.id,·\n                        'repsMax',·\n                        parseInt(val, 10) || 0·\n                      )·\n                    }·\n                    className=\\\"px-2 text-center font-bold\\\"·\n                  />·\n                </View>·\n              </View>···\n              <View className=\\\"flex-row gap-2 mt-2\\\">·\n                {/* Advanced Tech */}·\n                <View className=\\\"flex-2\\\">·\n                  <Text variant=\\\"caption\\\" className=\\\"text-text-secondary mb-1\\\">·\n                    Técnica avançada (opcional)·\n                  </Text>·\n                  <Input·\n                    placeholder=\\\"Ex.: Dropset\\\"·\n                    value={exercise.advancedTechnique || ''}·\n                    onChangeText={(val) =>·\n                      handleExerciseChange(·\n                        block.id,·\n                        exercise.id,·\n                        'advancedTechnique',·\n                        val || undefined·\n                      )·\n                    }·\n                    className=\\\"px-2\\\"·\n                  />·\n                </View>···\n                {/* RIR */}·\n                <View className=\\\"flex-1\\\">·\n                  <Text variant=\\\"caption\\\" className=\\\"text-text-secondary mb-1 text-center\\\">·\n                    RIR·\n                  </Text>·\n                  <Input·\n                    keyboardType=\\\"numeric\\\"·\n                    placeholder=\\\"Reps em reserva\\\"·\n                    value={exercise.repsReserve !== undefined ? exercise.repsReserve.toString() : ''}·\n                    onChangeText={(val) =>·\n                      handleExerciseChange(·\n                        block.id,·\n                        exercise.id,·\n                        'repsReserve',·\n                        val ? parseInt(val, 10) || 0 : undefined·\n                      )·\n                    }·\n                    className=\\\"px-2 text-center\\\"·\n                  />·\n                </View>·\n              </View>·\n            </View>·\n          ))}···\n          <Button·\n            variant=\\\"outline\\\"·\n            size=\\\"sm\\\"·\n            onPress={() => handleAddExercise(block.id)}·\n            className=\\\"border-dashed\\\"·\n          >·\n            <Icon as={Plus} size={16} className=\\\"text-text-secondary\\\" />·\n            <Text variant=\\\"caption\\\" className=\\\"text-text-secondary\\\">·\n              Adicionar exercício·\n            </Text>·\n          </Button>·\n        </View>·\n      ))}···\n      {blocks.length === 0 && (·\n        <View className=\\\"my-2\\\">·\n          <EmptyState··\n            icon={Layers}··\n            title=\\\"Nenhum bloco adicionado\\\"·\n            subtitle=\\\"Adicione um bloco para começar a montar o treino.\\\"·\n          />·\n        </View>·\n      )}···\n      <Button·\n        onPress={handleSave}·\n        disabled={isSaving}·\n        className=\\\"my-6 min-h-control-lg\\\"·\n      >·\n        <Text>{isSaving ? 'Criando...' : 'Criar programa'}</Text>·\n      </Button>···\n      <FeedbackDialog·\n        visible={!!feedback}·\n        onClose={() => {·\n          if (feedback?.type === 'success') {·\n            router.back();·\n          }·\n          clearFeedback();·\n        }}·\n        state={{·\n          visible: !!feedback,·\n          title: feedback?.title || '',·\n          description: feedback?.message || '',·\n          isError: feedback?.type === 'error'·\n        }}·\n      />·\n    </View>·\n  );·\n}·\n\"","pass":false}}],"failureMessages":["Error: expect(received).toContain(expected) // indexOf\n\nExpected substring: \"text-primary\"\nReceived string:    \"import React from 'react';·\nimport { View } from 'react-native';···\nimport { Plus, Trash2, Layers } from 'lucide-react-native';·\nimport { EmptyState } from '../../../components/molecules/EmptyState';·\nimport { useProgramForm } from '../hooks/useProgramForm';·\nimport { ExerciseSelect } from './ExerciseSelect';·\nimport { Button } from \\\"@/components/ui/button\\\";·\nimport { Text } from \\\"@/components/ui/text\\\";·\nimport { Input } from \\\"@/components/ui/input\\\";·\nimport { Icon } from '@/components/ui/icon';·\nimport { Label } from '@/components/ui/label';·\nimport { FeedbackDialog } from '@/components/organisms/FeedbackDialog';·\nimport { router } from 'expo-router';···\nexport function ProgramForm() {·\n  const {·\n    programName,·\n    setProgramName,·\n    blocks,·\n    handleAddBlock,·\n    handleRemoveBlock,·\n    handleBlockNameChange,·\n    handleAddExercise,·\n    handleRemoveExercise,·\n    handleExerciseChange,·\n    handleSave,·\n    isSaving,·\n    errors,·\n    feedback,·\n    clearFeedback,·\n  } = useProgramForm();···\n  return (·\n    <View className=\\\"py-4 pb-long-form-bottom\\\">·\n      {errors.global && (·\n        <Text variant=\\\"caption\\\" className=\\\"text-error text-center my-2\\\">·\n          {errors.global}·\n        </Text>·\n      )}···\n      <View className=\\\"mb-6 bg-surface p-4 rounded-xl border border-border-subtle\\\">·\n        <Label className=\\\"mb-2\\\">Nome do Programa</Label>·\n        <Input·\n          placeholder=\\\"Ex.: Hipertrofia ABC\\\"·\n          value={programName}·\n          onChangeText={setProgramName}·\n          className=\\\"mb-4 font-bold\\\"·\n          hasError={!!errors.programName}·\n        />·\n        {errors.programName && (·\n          <Text variant=\\\"caption\\\" className=\\\"text-error mt-1\\\">·\n            {errors.programName}·\n          </Text>·\n        )}·\n      </View>···\n      <View className=\\\"mb-4 flex-row items-center justify-between border-b border-border-subtle pb-2\\\">·\n        <Text variant=\\\"title\\\">Blocos de treino</Text>·\n        <Button·\n          variant=\\\"secondary\\\"·\n          size=\\\"sm\\\"·\n          onPress={handleAddBlock}·\n        >·\n          <Icon as={Plus} size={16} />·\n          <Text variant=\\\"caption\\\">·\n            Adicionar bloco·\n          </Text>·\n        </Button>·\n      </View>···\n      {blocks.map((block, bIdx) => (·\n        <View·\n          key={block.id}·\n          className=\\\"mb-4 rounded-md border border-border-subtle bg-surface-elevated p-4\\\"·\n        >·\n          <View className=\\\"flex-row items-center justify-between mb-3 gap-2\\\">·\n            <Input·\n              placeholder=\\\"Ex.: Treino A\\\"·\n              value={block.name}·\n              onChangeText={(val) => handleBlockNameChange(block.id, val)}·\n              className=\\\"flex-1 font-bold\\\"·\n              hasError={!!errors.blockNames?.[block.id]}·\n            />·\n            <Button·\n              accessibilityLabel={`Excluir bloco ${block.name || bIdx + 1}`}·\n              variant=\\\"ghost\\\"·\n              size=\\\"icon\\\"·\n              onPress={() => handleRemoveBlock(block.id)}·\n            >·\n              <Icon as={Trash2} size={16} className=\\\"text-error\\\" />·\n            </Button>·\n          </View>·\n          {errors.blockNames?.[block.id] && (·\n            <Text variant=\\\"caption\\\" className=\\\"text-error mb-4\\\">·\n              {errors.blockNames[block.id]}·\n            </Text>·\n          )}···\n          {/* Exercises */}·\n          <Text variant=\\\"label\\\" className=\\\"mb-2 text-text-secondary\\\">·\n            Exercícios·\n          </Text>···\n          {block.exercises.map((exercise, eIdx) => (·\n            <View·\n              key={exercise.id}·\n              className=\\\"mb-3 rounded-md border border-border-subtle bg-surface p-3\\\"·\n            >·\n              <View className=\\\"flex-row justify-between items-center mb-2 gap-2\\\">·\n                <ExerciseSelect·\n                  value={exercise.name}·\n                  onChange={(val) =>·\n                    handleExerciseChange(block.id, exercise.id, 'name', val)·\n                  }·\n                />·\n                {errors.exercises?.[exercise.id] && (·\n                  <Text variant=\\\"caption\\\" className=\\\"text-error mt-1\\\">·\n                    {errors.exercises[exercise.id]}·\n                  </Text>·\n                )}·\n                <Button·\n                  accessibilityLabel={`Excluir exercício ${exercise.name || eIdx + 1}`}·\n                  variant=\\\"ghost\\\"·\n                  size=\\\"icon\\\"·\n                  onPress={() => handleRemoveExercise(block.id, exercise.id)}·\n                >·\n                  <Icon as={Trash2} size={16} className=\\\"text-error\\\" />·\n                </Button>·\n              </View>···\n              <View className=\\\"flex-row gap-2\\\">·\n                {/* Sets */}·\n                <View className=\\\"flex-1\\\">·\n                  <Text variant=\\\"caption\\\" className=\\\"text-text-secondary mb-1 text-center\\\">·\n                    Séries·\n                  </Text>·\n                  <Input·\n                    keyboardType=\\\"numeric\\\"·\n                    placeholder=\\\"3\\\"·\n                    value={exercise.sets.toString()}·\n                    onChangeText={(val) =>·\n                      handleExerciseChange(·\n                        block.id,·\n                        exercise.id,·\n                        'sets',·\n                        parseInt(val, 10) || 0·\n                      )·\n                    }·\n                    className=\\\"px-2 text-center font-bold\\\"·\n                  />·\n                </View>···\n                {/* Min Reps */}·\n                <View className=\\\"flex-1\\\">·\n                  <Text variant=\\\"caption\\\" className=\\\"text-text-secondary mb-1 text-center\\\">·\n                    Reps mín.·\n                  </Text>·\n                  <Input·\n                    keyboardType=\\\"numeric\\\"·\n                    placeholder=\\\"8\\\"·\n                    value={exercise.repsMin.toString()}·\n                    onChangeText={(val) =>·\n                      handleExerciseChange(·\n                        block.id,·\n                        exercise.id,·\n                        'repsMin',·\n                        parseInt(val, 10) || 0·\n                      )·\n                    }·\n                    className=\\\"px-2 text-center font-bold\\\"·\n                  />·\n                </View>···\n                {/* Max Reps */}·\n                <View className=\\\"flex-1\\\">·\n                  <Text variant=\\\"caption\\\" className=\\\"text-text-secondary mb-1 text-center\\\">·\n                    Reps máx.·\n                  </Text>·\n                  <Input·\n                    keyboardType=\\\"numeric\\\"·\n                    placeholder=\\\"12\\\"·\n                    value={exercise.repsMax.toString()}·\n                    onChangeText={(val) =>·\n                      handleExerciseChange(·\n                        block.id,·\n                        exercise.id,·\n                        'repsMax',·\n                        parseInt(val, 10) || 0·\n                      )·\n                    }·\n                    className=\\\"px-2 text-center font-bold\\\"·\n                  />·\n                </View>·\n              </View>···\n              <View className=\\\"flex-row gap-2 mt-2\\\">·\n                {/* Advanced Tech */}·\n                <View className=\\\"flex-2\\\">·\n                  <Text variant=\\\"caption\\\" className=\\\"text-text-secondary mb-1\\\">·\n                    Técnica avançada (opcional)·\n                  </Text>·\n                  <Input·\n                    placeholder=\\\"Ex.: Dropset\\\"·\n                    value={exercise.advancedTechnique || ''}·\n                    onChangeText={(val) =>·\n                      handleExerciseChange(·\n                        block.id,·\n                        exercise.id,·\n                        'advancedTechnique',·\n                        val || undefined·\n                      )·\n                    }·\n                    className=\\\"px-2\\\"·\n                  />·\n                </View>···\n                {/* RIR */}·\n                <View className=\\\"flex-1\\\">·\n                  <Text variant=\\\"caption\\\" className=\\\"text-text-secondary mb-1 text-center\\\">·\n                    RIR·\n                  </Text>·\n                  <Input·\n                    keyboardType=\\\"numeric\\\"·\n                    placeholder=\\\"Reps em reserva\\\"·\n                    value={exercise.repsReserve !== undefined ? exercise.repsReserve.toString() : ''}·\n                    onChangeText={(val) =>·\n                      handleExerciseChange(·\n                        block.id,·\n                        exercise.id,·\n                        'repsReserve',·\n                        val ? parseInt(val, 10) || 0 : undefined·\n                      )·\n                    }·\n                    className=\\\"px-2 text-center\\\"·\n                  />·\n                </View>·\n              </View>·\n            </View>·\n          ))}···\n          <Button·\n            variant=\\\"outline\\\"·\n            size=\\\"sm\\\"·\n            onPress={() => handleAddExercise(block.id)}·\n            className=\\\"border-dashed\\\"·\n          >·\n            <Icon as={Plus} size={16} className=\\\"text-text-secondary\\\" />·\n            <Text variant=\\\"caption\\\" className=\\\"text-text-secondary\\\">·\n              Adicionar exercício·\n            </Text>·\n          </Button>·\n        </View>·\n      ))}···\n      {blocks.length === 0 && (·\n        <View className=\\\"my-2\\\">·\n          <EmptyState··\n            icon={Layers}··\n            title=\\\"Nenhum bloco adicionado\\\"·\n            subtitle=\\\"Adicione um bloco para começar a montar o treino.\\\"·\n          />·\n        </View>·\n      )}···\n      <Button·\n        onPress={handleSave}·\n        disabled={isSaving}·\n        className=\\\"my-6 min-h-control-lg\\\"·\n      >·\n        <Text>{isSaving ? 'Criando...' : 'Criar programa'}</Text>·\n      </Button>···\n      <FeedbackDialog·\n        visible={!!feedback}·\n        onClose={() => {·\n          if (feedback?.type === 'success') {·\n            router.back();·\n          }·\n          clearFeedback();·\n        }}·\n        state={{·\n          visible: !!feedback,·\n          title: feedback?.title || '',·\n          description: feedback?.message || '',·\n          isError: feedback?.type === 'error'·\n        }}·\n      />·\n    </View>·\n  );·\n}·\n\"\n    at Object.toContain (C:\\Programmer\\fitApp\\src\\features\\training\\__tests__\\program-form-components.test.ts:17:18)\n    at Promise.then.completed (C:\\Programmer\\fitApp\\node_modules\\jest-circus\\build\\utils.js:298:28)\n    at new Promise (<anonymous>)\n    at callAsyncCircusFn (C:\\Programmer\\fitApp\\node_modules\\jest-circus\\build\\utils.js:231:10)\n    at _callCircusTest (C:\\Programmer\\fitApp\\node_modules\\jest-circus\\build\\run.js:316:40)\n    at processTicksAndRejections (node:internal/process/task_queues:105:5)\n    at _runTest (C:\\Programmer\\fitApp\\node_modules\\jest-circus\\build\\run.js:252:3)\n    at _runTestsForDescribeBlock (C:\\Programmer\\fitApp\\node_modules\\jest-circus\\build\\run.js:126:9)\n    at _runTestsForDescribeBlock (C:\\Programmer\\fitApp\\node_modules\\jest-circus\\build\\run.js:121:9)\n    at run (C:\\Programmer\\fitApp\\node_modules\\jest-circus\\build\\run.js:71:3)\n    at runAndTransformResultsToJestFormat (C:\\Programmer\\fitApp\\node_modules\\jest-circus\\build\\legacy-code-todo-rewrite\\jestAdapterInit.js:122:21)\n    at jestAdapter (C:\\Programmer\\fitApp\\node_modules\\jest-circus\\build\\legacy-code-todo-rewrite\\jestAdapter.js:79:19)\n    at runTestInternal (C:\\Programmer\\fitApp\\node_modules\\jest-runner\\build\\runTest.js:367:16)\n    at runTest (C:\\Programmer\\fitApp\\node_modules\\jest-runner\\build\\runTest.js:444:34)\n    at Object.worker (C:\\Programmer\\fitApp\\node_modules\\jest-runner\\build\\testWorker.js:106:12)"],"fullName":"Program Form Bypass Tests ProgramForm uses semantic tokens","invocations":1,"location":null,"numPassingAsserts":9,"retryReasons":[],"status":"failed","title":"ProgramForm uses semantic tokens"}],"endTime":1782781265707,"message":"  ● Program Form Bypass Tests › ProgramForm uses semantic tokens\n\n    expect(received).toContain(expected) // indexOf\n\n    Expected substring: \"text-primary\"\n    Received string:    \"import React from 'react';·\n    import { View } from 'react-native';···\n    import { Plus, Trash2, Layers } from 'lucide-react-native';·\n    import { EmptyState } from '../../../components/molecules/EmptyState';·\n    import { useProgramForm } from '../hooks/useProgramForm';·\n    import { ExerciseSelect } from './ExerciseSelect';·\n    import { Button } from \\\"@/components/ui/button\\\";·\n    import { Text } from \\\"@/components/ui/text\\\";·\n    import { Input } from \\\"@/components/ui/input\\\";·\n    import { Icon } from '@/components/ui/icon';·\n    import { Label } from '@/components/ui/label';·\n    import { FeedbackDialog } from '@/components/organisms/FeedbackDialog';·\n    import { router } from 'expo-router';···\n    export function ProgramForm() {·\n      const {·\n        programName,·\n        setProgramName,·\n        blocks,·\n        handleAddBlock,·\n        handleRemoveBlock,·\n        handleBlockNameChange,·\n        handleAddExercise,·\n        handleRemoveExercise,·\n        handleExerciseChange,·\n        handleSave,·\n        isSaving,·\n        errors,·\n        feedback,·\n        clearFeedback,·\n      } = useProgramForm();···\n      return (·\n        <View className=\\\"py-4 pb-long-form-bottom\\\">·\n          {errors.global && (·\n            <Text variant=\\\"caption\\\" className=\\\"text-error text-center my-2\\\">·\n              {errors.global}·\n            </Text>·\n          )}···\n          <View className=\\\"mb-6 bg-surface p-4 rounded-xl border border-border-subtle\\\">·\n            <Label className=\\\"mb-2\\\">Nome do Programa</Label>·\n            <Input·\n              placeholder=\\\"Ex.: Hipertrofia ABC\\\"·\n              value={programName}·\n              onChangeText={setProgramName}·\n              className=\\\"mb-4 font-bold\\\"·\n              hasError={!!errors.programName}·\n            />·\n            {errors.programName && (·\n              <Text variant=\\\"caption\\\" className=\\\"text-error mt-1\\\">·\n                {errors.programName}·\n              </Text>·\n            )}·\n          </View>···\n          <View className=\\\"mb-4 flex-row items-center justify-between border-b border-border-subtle pb-2\\\">·\n            <Text variant=\\\"title\\\">Blocos de treino</Text>·\n            <Button·\n              variant=\\\"secondary\\\"·\n              size=\\\"sm\\\"·\n              onPress={handleAddBlock}·\n            >·\n              <Icon as={Plus} size={16} />·\n              <Text variant=\\\"caption\\\">·\n                Adicionar bloco·\n              </Text>·\n            </Button>·\n          </View>···\n          {blocks.map((block, bIdx) => (·\n            <View·\n              key={block.id}·\n              className=\\\"mb-4 rounded-md border border-border-subtle bg-surface-elevated p-4\\\"·\n            >·\n              <View className=\\\"flex-row items-center justify-between mb-3 gap-2\\\">·\n                <Input·\n                  placeholder=\\\"Ex.: Treino A\\\"·\n                  value={block.name}·\n                  onChangeText={(val) => handleBlockNameChange(block.id, val)}·\n                  className=\\\"flex-1 font-bold\\\"·\n                  hasError={!!errors.blockNames?.[block.id]}·\n                />·\n                <Button·\n                  accessibilityLabel={`Excluir bloco ${block.name || bIdx + 1}`}·\n                  variant=\\\"ghost\\\"·\n                  size=\\\"icon\\\"·\n                  onPress={() => handleRemoveBlock(block.id)}·\n                >·\n                  <Icon as={Trash2} size={16} className=\\\"text-error\\\" />·\n                </Button>·\n              </View>·\n              {errors.blockNames?.[block.id] && (·\n                <Text variant=\\\"caption\\\" className=\\\"text-error mb-4\\\">·\n                  {errors.blockNames[block.id]}·\n                </Text>·\n              )}···\n              {/* Exercises */}·\n              <Text variant=\\\"label\\\" className=\\\"mb-2 text-text-secondary\\\">·\n                Exercícios·\n              </Text>···\n              {block.exercises.map((exercise, eIdx) => (·\n                <View·\n                  key={exercise.id}·\n                  className=\\\"mb-3 rounded-md border border-border-subtle bg-surface p-3\\\"·\n                >·\n                  <View className=\\\"flex-row justify-between items-center mb-2 gap-2\\\">·\n                    <ExerciseSelect·\n                      value={exercise.name}·\n                      onChange={(val) =>·\n                        handleExerciseChange(block.id, exercise.id, 'name', val)·\n                      }·\n                    />·\n                    {errors.exercises?.[exercise.id] && (·\n                      <Text variant=\\\"caption\\\" className=\\\"text-error mt-1\\\">·\n                        {errors.exercises[exercise.id]}·\n                      </Text>·\n                    )}·\n                    <Button·\n                      accessibilityLabel={`Excluir exercício ${exercise.name || eIdx + 1}`}·\n                      variant=\\\"ghost\\\"·\n                      size=\\\"icon\\\"·\n                      onPress={() => handleRemoveExercise(block.id, exercise.id)}·\n                    >·\n                      <Icon as={Trash2} size={16} className=\\\"text-error\\\" />·\n                    </Button>·\n                  </View>···\n                  <View className=\\\"flex-row gap-2\\\">·\n                    {/* Sets */}·\n                    <View className=\\\"flex-1\\\">·\n                      <Text variant=\\\"caption\\\" className=\\\"text-text-secondary mb-1 text-center\\\">·\n                        Séries·\n                      </Text>·\n                      <Input·\n                        keyboardType=\\\"numeric\\\"·\n                        placeholder=\\\"3\\\"·\n                        value={exercise.sets.toString()}·\n                        onChangeText={(val) =>·\n                          handleExerciseChange(·\n                            block.id,·\n                            exercise.id,·\n                            'sets',·\n                            parseInt(val, 10) || 0·\n                          )·\n                        }·\n                        className=\\\"px-2 text-center font-bold\\\"·\n                      />·\n                    </View>···\n                    {/* Min Reps */}·\n                    <View className=\\\"flex-1\\\">·\n                      <Text variant=\\\"caption\\\" className=\\\"text-text-secondary mb-1 text-center\\\">·\n                        Reps mín.·\n                      </Text>·\n                      <Input·\n                        keyboardType=\\\"numeric\\\"·\n                        placeholder=\\\"8\\\"·\n                        value={exercise.repsMin.toString()}·\n                        onChangeText={(val) =>·\n                          handleExerciseChange(·\n                            block.id,·\n                            exercise.id,·\n                            'repsMin',·\n                            parseInt(val, 10) || 0·\n                          )·\n                        }·\n                        className=\\\"px-2 text-center font-bold\\\"·\n                      />·\n                    </View>···\n                    {/* Max Reps */}·\n                    <View className=\\\"flex-1\\\">·\n                      <Text variant=\\\"caption\\\" className=\\\"text-text-secondary mb-1 text-center\\\">·\n                        Reps máx.·\n                      </Text>·\n                      <Input·\n                        keyboardType=\\\"numeric\\\"·\n                        placeholder=\\\"12\\\"·\n                        value={exercise.repsMax.toString()}·\n                        onChangeText={(val) =>·\n                          handleExerciseChange(·\n                            block.id,·\n                            exercise.id,·\n                            'repsMax',·\n                            parseInt(val, 10) || 0·\n                          )·\n                        }·\n                        className=\\\"px-2 text-center font-bold\\\"·\n                      />·\n                    </View>·\n                  </View>···\n                  <View className=\\\"flex-row gap-2 mt-2\\\">·\n                    {/* Advanced Tech */}·\n                    <View className=\\\"flex-2\\\">·\n                      <Text variant=\\\"caption\\\" className=\\\"text-text-secondary mb-1\\\">·\n                        Técnica avançada (opcional)·\n                      </Text>·\n                      <Input·\n                        placeholder=\\\"Ex.: Dropset\\\"·\n                        value={exercise.advancedTechnique || ''}·\n                        onChangeText={(val) =>·\n                          handleExerciseChange(·\n                            block.id,·\n                            exercise.id,·\n                            'advancedTechnique',·\n                            val || undefined·\n                          )·\n                        }·\n                        className=\\\"px-2\\\"·\n                      />·\n                    </View>···\n                    {/* RIR */}·\n                    <View className=\\\"flex-1\\\">·\n                      <Text variant=\\\"caption\\\" className=\\\"text-text-secondary mb-1 text-center\\\">·\n                        RIR·\n                      </Text>·\n                      <Input·\n                        keyboardType=\\\"numeric\\\"·\n                        placeholder=\\\"Reps em reserva\\\"·\n                        value={exercise.repsReserve !== undefined ? exercise.repsReserve.toString() : ''}·\n                        onChangeText={(val) =>·\n                          handleExerciseChange(·\n                            block.id,·\n                            exercise.id,·\n                            'repsReserve',·\n                            val ? parseInt(val, 10) || 0 : undefined·\n                          )·\n                        }·\n                        className=\\\"px-2 text-center\\\"·\n                      />·\n                    </View>·\n                  </View>·\n                </View>·\n              ))}···\n              <Button·\n                variant=\\\"outline\\\"·\n                size=\\\"sm\\\"·\n                onPress={() => handleAddExercise(block.id)}·\n                className=\\\"border-dashed\\\"·\n              >·\n                <Icon as={Plus} size={16} className=\\\"text-text-secondary\\\" />·\n                <Text variant=\\\"caption\\\" className=\\\"text-text-secondary\\\">·\n                  Adicionar exercício·\n                </Text>·\n              </Button>·\n            </View>·\n          ))}···\n          {blocks.length === 0 && (·\n            <View className=\\\"my-2\\\">·\n              <EmptyState··\n                icon={Layers}··\n                title=\\\"Nenhum bloco adicionado\\\"·\n                subtitle=\\\"Adicione um bloco para começar a montar o treino.\\\"·\n              />·\n            </View>·\n          )}···\n          <Button·\n            onPress={handleSave}·\n            disabled={isSaving}·\n            className=\\\"my-6 min-h-control-lg\\\"·\n          >·\n            <Text>{isSaving ? 'Criando...' : 'Criar programa'}</Text>·\n          </Button>···\n          <FeedbackDialog·\n            visible={!!feedback}·\n            onClose={() => {·\n              if (feedback?.type === 'success') {·\n                router.back();·\n              }·\n              clearFeedback();·\n            }}·\n            state={{·\n              visible: !!feedback,·\n              title: feedback?.title || '',·\n              description: feedback?.message || '',·\n              isError: feedback?.type === 'error'·\n            }}·\n          />·\n        </View>·\n      );·\n    }·\n    \"\n\n    \u001b[0m \u001b[90m 15 |\u001b[39m     \n     \u001b[90m 16 |\u001b[39m     expect(file)\u001b[33m.\u001b[39mtoContain(\u001b[32m'bg-surface'\u001b[39m)\u001b[33m;\u001b[39m\n    \u001b[31m\u001b[1m>\u001b[22m\u001b[39m\u001b[90m 17 |\u001b[39m     expect(file)\u001b[33m.\u001b[39mtoContain(\u001b[32m'text-primary'\u001b[39m)\u001b[33m;\u001b[39m\n     \u001b[90m    |\u001b[39m                  \u001b[31m\u001b[1m^\u001b[22m\u001b[39m\n     \u001b[90m 18 |\u001b[39m     expect(file)\u001b[33m.\u001b[39mtoContain(\u001b[32m'bg-surface-elevated'\u001b[39m)\u001b[33m;\u001b[39m\n     \u001b[90m 19 |\u001b[39m     expect(file)\u001b[33m.\u001b[39mtoContain(\u001b[32m'border-border-subtle'\u001b[39m)\u001b[33m;\u001b[39m\n     \u001b[90m 20 |\u001b[39m     expect(file)\u001b[33m.\u001b[39mtoContain(\u001b[32m'text-error'\u001b[39m)\u001b[33m;\u001b[39m\u001b[0m\n\n      at Object.toContain (src/features/training/__tests__/program-form-components.test.ts:17:18)\n","name":"C:\\Programmer\\fitApp\\src\\features\\training\\__tests__\\program-form-components.test.ts","startTime":1782781264709,"status":"failed","summary":""},{"assertionResults":[{"ancestorTitles":["Dialog Contracts"],"duration":1,"failureDetails":[],"failureMessages":[],"fullName":"Dialog Contracts contains correct semantic tokens in dialog.tsx","invocations":1,"location":null,"numPassingAsserts":4,"retryReasons":[],"status":"passed","title":"contains correct semantic tokens in dialog.tsx"},{"ancestorTitles":["Dialog Contracts"],"duration":1,"failureDetails":[{"matcherResult":{"message":"expect(received).toContain(expected) // indexOf\n\nExpected substring: \"!hasCustomWidth && 'w-full'\"\nReceived string:    \"import { Icon } from '@/components/ui/icon';\nimport { NativeOnlyAnimatedView } from '@/components/ui/native-only-animated-view';\nimport { cn } from '@/lib/utils';\nimport * as DialogPrimitive from '@rn-primitives/dialog';\nimport { X } from 'lucide-react-native';\nimport * as React from 'react';\nimport { KeyboardAvoidingView, Platform, Text, View, type GestureResponderEvent, type ViewProps } from 'react-native';\nimport { FadeIn, FadeOut } from 'react-native-reanimated';\nimport { FullWindowOverlay as RNFullWindowOverlay } from 'react-native-screens';·\nconst Dialog = DialogPrimitive.Root;·\nconst DialogTrigger = DialogPrimitive.Trigger;·\nconst DialogPortal = DialogPrimitive.Portal;·\nconst DialogClose = DialogPrimitive.Close;·\nconst FullWindowOverlay = Platform.OS === 'ios' ? RNFullWindowOverlay : React.Fragment;·\nfunction DialogOverlay({\n  className,\n  children,\n  onPress,\n  ...props\n}: Omit<React.ComponentProps<typeof DialogPrimitive.Overlay>, 'asChild'> & {\n  children?: React.ReactNode;\n}) {\n  const { onOpenChange } = DialogPrimitive.useRootContext();·\n  function onOverlayPress(event: GestureResponderEvent) {\n    onPress?.(event);\n    if (event.target === event.currentTarget && !event.isDefaultPrevented()) {\n      onOpenChange(false);\n    }\n  }·\n  return (\n    <FullWindowOverlay>\n      <DialogPrimitive.Overlay\n        className={cn(\n          'absolute inset-0 z-50 bg-scrim p-screen-x',\n          Platform.select({\n            web: 'flex items-center justify-center animate-in fade-in-0 fixed cursor-default [&>*]:cursor-auto',\n          }),\n          className\n        )}\n        {...props}\n        onPress={Platform.select({ web: onOverlayPress, native: onPress })}\n        asChild={Platform.OS !== 'web'}>\n        <NativeOnlyAnimatedView entering={FadeIn.duration(200)} exiting={FadeOut.duration(150)}>\n          <KeyboardAvoidingView\n            behavior={Platform.OS === 'ios' ? 'padding' : 'height'}\n            style={{ width: '100%', flex: 1, alignItems: 'center', justifyContent: 'center' }}\n          >\n            <NativeOnlyAnimatedView entering={FadeIn.delay(50)} exiting={FadeOut.duration(150)}>\n              <>{children}</>\n            </NativeOnlyAnimatedView>\n          </KeyboardAvoidingView>\n        </NativeOnlyAnimatedView>\n      </DialogPrimitive.Overlay>\n    </FullWindowOverlay>\n  );\n}\nfunction DialogContent({\n  className,\n  portalHost,\n  children,\n  ...props\n}: React.ComponentProps<typeof DialogPrimitive.Content> & {\n  portalHost?: string;\n}) {\n  const hasCustomWidth = className?.includes('w-');·\n  return (\n    <DialogPortal hostName={portalHost}>\n      <DialogOverlay>\n        <DialogPrimitive.Content\n          className={cn(\n            'z-50 flex flex-col gap-4 rounded-lg border border-border-subtle bg-surface p-card shadow-none max-h-[85vh]',\n            !hasCustomWidth && 'w-[80vw]',\n            Platform.select({\n              web: 'animate-in fade-in-0 zoom-in-95 duration-200',\n            }),\n            className\n          )}\n          {...props}>\n          <>{children}</>\n          <DialogPrimitive.Close\n            className={cn(\n              'absolute right-4 top-4 rounded opacity-70 active:opacity-100',\n              Platform.select({\n                web: 'ring-offset-background focus-visible:ring-border-subtle/50 data-[state=open]:bg-surface transition-opacity hover:opacity-100 focus:outline-none focus-visible:ring-2 focus:ring-offset-2',\n              })\n            )}\n            hitSlop={12}>\n            <Icon\n              as={X}\n              className={cn('text-text-secondary web:pointer-events-none size-4 shrink-0')}\n            />\n            <Text className=\\\"sr-only\\\">Close</Text>\n          </DialogPrimitive.Close>\n        </DialogPrimitive.Content>\n      </DialogOverlay>\n    </DialogPortal>\n  );\n}·\nfunction DialogHeader({ className, ...props }: ViewProps) {\n  return (\n    <View className={cn('flex flex-col gap-2 text-center sm:text-left', className)} {...props} />\n  );\n}·\nfunction DialogFooter({ className, ...props }: ViewProps) {\n  return (\n    <View\n      className={cn('flex-row gap-2 pt-3 border-t border-border-subtle mt-auto', className)}\n      {...props}\n    />\n  );\n}·\nfunction DialogTitle({ className, ...props }: React.ComponentProps<typeof DialogPrimitive.Title>) {\n  return (\n    <DialogPrimitive.Title\n      className={cn('text-title font-bold leading-title text-text-primary', className)}\n      {...props}\n    />\n  );\n}·\nfunction DialogDescription({\n  className,\n  ...props\n}: React.ComponentProps<typeof DialogPrimitive.Description>) {\n  return (\n    <DialogPrimitive.Description\n      className={cn('text-text font-regular leading-body text-text-secondary', className)}\n      {...props}\n    />\n  );\n}·\nfunction DialogBody({ className, ...props }: ViewProps) {\n  return <View className={cn('flex-shrink gap-4', className)} {...props} />;\n}·\nexport {\n  Dialog,\n  DialogBody,\n  DialogClose,\n  DialogContent,\n  DialogDescription,\n  DialogFooter,\n  DialogHeader,\n  DialogOverlay,\n  DialogPortal,\n  DialogTitle,\n  DialogTrigger,\n};\n\"","pass":false}}],"failureMessages":["Error: expect(received).toContain(expected) // indexOf\n\nExpected substring: \"!hasCustomWidth && 'w-full'\"\nReceived string:    \"import { Icon } from '@/components/ui/icon';\nimport { NativeOnlyAnimatedView } from '@/components/ui/native-only-animated-view';\nimport { cn } from '@/lib/utils';\nimport * as DialogPrimitive from '@rn-primitives/dialog';\nimport { X } from 'lucide-react-native';\nimport * as React from 'react';\nimport { KeyboardAvoidingView, Platform, Text, View, type GestureResponderEvent, type ViewProps } from 'react-native';\nimport { FadeIn, FadeOut } from 'react-native-reanimated';\nimport { FullWindowOverlay as RNFullWindowOverlay } from 'react-native-screens';·\nconst Dialog = DialogPrimitive.Root;·\nconst DialogTrigger = DialogPrimitive.Trigger;·\nconst DialogPortal = DialogPrimitive.Portal;·\nconst DialogClose = DialogPrimitive.Close;·\nconst FullWindowOverlay = Platform.OS === 'ios' ? RNFullWindowOverlay : React.Fragment;·\nfunction DialogOverlay({\n  className,\n  children,\n  onPress,\n  ...props\n}: Omit<React.ComponentProps<typeof DialogPrimitive.Overlay>, 'asChild'> & {\n  children?: React.ReactNode;\n}) {\n  const { onOpenChange } = DialogPrimitive.useRootContext();·\n  function onOverlayPress(event: GestureResponderEvent) {\n    onPress?.(event);\n    if (event.target === event.currentTarget && !event.isDefaultPrevented()) {\n      onOpenChange(false);\n    }\n  }·\n  return (\n    <FullWindowOverlay>\n      <DialogPrimitive.Overlay\n        className={cn(\n          'absolute inset-0 z-50 bg-scrim p-screen-x',\n          Platform.select({\n            web: 'flex items-center justify-center animate-in fade-in-0 fixed cursor-default [&>*]:cursor-auto',\n          }),\n          className\n        )}\n        {...props}\n        onPress={Platform.select({ web: onOverlayPress, native: onPress })}\n        asChild={Platform.OS !== 'web'}>\n        <NativeOnlyAnimatedView entering={FadeIn.duration(200)} exiting={FadeOut.duration(150)}>\n          <KeyboardAvoidingView\n            behavior={Platform.OS === 'ios' ? 'padding' : 'height'}\n            style={{ width: '100%', flex: 1, alignItems: 'center', justifyContent: 'center' }}\n          >\n            <NativeOnlyAnimatedView entering={FadeIn.delay(50)} exiting={FadeOut.duration(150)}>\n              <>{children}</>\n            </NativeOnlyAnimatedView>\n          </KeyboardAvoidingView>\n        </NativeOnlyAnimatedView>\n      </DialogPrimitive.Overlay>\n    </FullWindowOverlay>\n  );\n}\nfunction DialogContent({\n  className,\n  portalHost,\n  children,\n  ...props\n}: React.ComponentProps<typeof DialogPrimitive.Content> & {\n  portalHost?: string;\n}) {\n  const hasCustomWidth = className?.includes('w-');·\n  return (\n    <DialogPortal hostName={portalHost}>\n      <DialogOverlay>\n        <DialogPrimitive.Content\n          className={cn(\n            'z-50 flex flex-col gap-4 rounded-lg border border-border-subtle bg-surface p-card shadow-none max-h-[85vh]',\n            !hasCustomWidth && 'w-[80vw]',\n            Platform.select({\n              web: 'animate-in fade-in-0 zoom-in-95 duration-200',\n            }),\n            className\n          )}\n          {...props}>\n          <>{children}</>\n          <DialogPrimitive.Close\n            className={cn(\n              'absolute right-4 top-4 rounded opacity-70 active:opacity-100',\n              Platform.select({\n                web: 'ring-offset-background focus-visible:ring-border-subtle/50 data-[state=open]:bg-surface transition-opacity hover:opacity-100 focus:outline-none focus-visible:ring-2 focus:ring-offset-2',\n              })\n            )}\n            hitSlop={12}>\n            <Icon\n              as={X}\n              className={cn('text-text-secondary web:pointer-events-none size-4 shrink-0')}\n            />\n            <Text className=\\\"sr-only\\\">Close</Text>\n          </DialogPrimitive.Close>\n        </DialogPrimitive.Content>\n      </DialogOverlay>\n    </DialogPortal>\n  );\n}·\nfunction DialogHeader({ className, ...props }: ViewProps) {\n  return (\n    <View className={cn('flex flex-col gap-2 text-center sm:text-left', className)} {...props} />\n  );\n}·\nfunction DialogFooter({ className, ...props }: ViewProps) {\n  return (\n    <View\n      className={cn('flex-row gap-2 pt-3 border-t border-border-subtle mt-auto', className)}\n      {...props}\n    />\n  );\n}·\nfunction DialogTitle({ className, ...props }: React.ComponentProps<typeof DialogPrimitive.Title>) {\n  return (\n    <DialogPrimitive.Title\n      className={cn('text-title font-bold leading-title text-text-primary', className)}\n      {...props}\n    />\n  );\n}·\nfunction DialogDescription({\n  className,\n  ...props\n}: React.ComponentProps<typeof DialogPrimitive.Description>) {\n  return (\n    <DialogPrimitive.Description\n      className={cn('text-text font-regular leading-body text-text-secondary', className)}\n      {...props}\n    />\n  );\n}·\nfunction DialogBody({ className, ...props }: ViewProps) {\n  return <View className={cn('flex-shrink gap-4', className)} {...props} />;\n}·\nexport {\n  Dialog,\n  DialogBody,\n  DialogClose,\n  DialogContent,\n  DialogDescription,\n  DialogFooter,\n  DialogHeader,\n  DialogOverlay,\n  DialogPortal,\n  DialogTitle,\n  DialogTrigger,\n};\n\"\n    at Object.toContain (C:\\Programmer\\fitApp\\src\\components\\ui\\__tests__\\dialog.test.tsx:20:21)\n    at Promise.then.completed (C:\\Programmer\\fitApp\\node_modules\\jest-circus\\build\\utils.js:298:28)\n    at new Promise (<anonymous>)\n    at callAsyncCircusFn (C:\\Programmer\\fitApp\\node_modules\\jest-circus\\build\\utils.js:231:10)\n    at _callCircusTest (C:\\Programmer\\fitApp\\node_modules\\jest-circus\\build\\run.js:316:40)\n    at processTicksAndRejections (node:internal/process/task_queues:105:5)\n    at _runTest (C:\\Programmer\\fitApp\\node_modules\\jest-circus\\build\\run.js:252:3)\n    at _runTestsForDescribeBlock (C:\\Programmer\\fitApp\\node_modules\\jest-circus\\build\\run.js:126:9)\n    at _runTestsForDescribeBlock (C:\\Programmer\\fitApp\\node_modules\\jest-circus\\build\\run.js:121:9)\n    at run (C:\\Programmer\\fitApp\\node_modules\\jest-circus\\build\\run.js:71:3)\n    at runAndTransformResultsToJestFormat (C:\\Programmer\\fitApp\\node_modules\\jest-circus\\build\\legacy-code-todo-rewrite\\jestAdapterInit.js:122:21)\n    at jestAdapter (C:\\Programmer\\fitApp\\node_modules\\jest-circus\\build\\legacy-code-t
[...]
tus":"passed","title":"Light: Primary Text on Background should have >= 4.5 contrast"},{"ancestorTitles":["Theme Contrast Normative Assertions"],"duration":0,"failureDetails":[],"failureMessages":[],"fullName":"Theme Contrast Normative Assertions Light: Secondary Text on Surface should have >= 4.5 contrast","invocations":1,"location":null,"numPassingAsserts":1,"retryReasons":[],"status":"passed","title":"Light: Secondary Text on Surface should have >= 4.5 contrast"},{"ancestorTitles":["Theme Contrast Normative Assertions"],"duration":7,"failureDetails":[],"failureMessages":[],"fullName":"Theme Contrast Normative Assertions Light: Error on Background should have >= 3 contrast","invocations":1,"location":null,"numPassingAsserts":1,"retryReasons":[],"status":"passed","title":"Light: Error on Background should have >= 3 contrast"},{"ancestorTitles":["Theme Contrast Normative Assertions"],"duration":1,"failureDetails":[],"failureMessages":[],"fullName":"Theme Contrast Normative Assertions Light: Primary Text on Carbohydrate Fill should have >= 4.5 contrast","invocations":1,"location":null,"numPassingAsserts":1,"retryReasons":[],"status":"passed","title":"Light: Primary Text on Carbohydrate Fill should have >= 4.5 contrast"},{"ancestorTitles":["Theme Contrast Normative Assertions"],"duration":0,"failureDetails":[],"failureMessages":[],"fullName":"Theme Contrast Normative Assertions Light: Carbohydrate Text on Soft Carbohydrate Surface should have >= 4.5 contrast","invocations":1,"location":null,"numPassingAsserts":1,"retryReasons":[],"status":"passed","title":"Light: Carbohydrate Text on Soft Carbohydrate Surface should have >= 4.5 contrast"},{"ancestorTitles":["Theme Contrast Normative Assertions"],"duration":0,"failureDetails":[],"failureMessages":[],"fullName":"Theme Contrast Normative Assertions Dark: Primary Text on Background should have >= 4.5 contrast","invocations":1,"location":null,"numPassingAsserts":1,"retryReasons":[],"status":"passed","title":"Dark: Primary Text on Background should have >= 4.5 contrast"},{"ancestorTitles":["Theme Contrast Normative Assertions"],"duration":1,"failureDetails":[],"failureMessages":[],"fullName":"Theme Contrast Normative Assertions Dark: Secondary Text on Surface should have >= 4.5 contrast","invocations":1,"location":null,"numPassingAsserts":1,"retryReasons":[],"status":"passed","title":"Dark: Secondary Text on Surface should have >= 4.5 contrast"},{"ancestorTitles":["Theme Contrast Normative Assertions"],"duration":0,"failureDetails":[],"failureMessages":[],"fullName":"Theme Contrast Normative Assertions Dark: Error on Background should have >= 4.5 contrast","invocations":1,"location":null,"numPassingAsserts":1,"retryReasons":[],"status":"passed","title":"Dark: Error on Background should have >= 4.5 contrast"}],"endTime":1782781267321,"message":"","name":"C:\\Programmer\\fitApp\\src\\tokens\\__tests__\\contrast.test.ts","startTime":1782781267002,"status":"passed","summary":""},{"assertionResults":[{"ancestorTitles":["Exercise Select Bypass Tests"],"duration":1,"failureDetails":[],"failureMessages":[],"fullName":"Exercise Select Bypass Tests ExerciseSelect uses semantic tokens","invocations":1,"location":null,"numPassingAsserts":4,"retryReasons":[],"status":"passed","title":"ExerciseSelect uses semantic tokens"}],"endTime":1782781267509,"message":"","name":"C:\\Programmer\\fitApp\\src\\features\\training\\__tests__\\exercise-select-components.test.ts","startTime":1782781267337,"status":"passed","summary":""},{"assertionResults":[{"ancestorTitles":["Text Contracts"],"duration":2,"failureDetails":[],"failureMessages":[],"fullName":"Text Contracts default variant generates text-text","invocations":1,"location":null,"numPassingAsserts":2,"retryReasons":[],"status":"passed","title":"default variant generates text-text"},{"ancestorTitles":["Text Contracts"],"duration":0,"failureDetails":[],"failureMessages":[],"fullName":"Text Contracts display variant generates text-display","invocations":1,"location":null,"numPassingAsserts":1,"retryReasons":[],"status":"passed","title":"display variant generates text-display"},{"ancestorTitles":["Text Contracts"],"duration":0,"failureDetails":[],"failureMessages":[],"fullName":"Text Contracts error color generates text-error","invocations":1,"location":null,"numPassingAsserts":1,"retryReasons":[],"status":"passed","title":"error color generates text-error"},{"ancestorTitles":["Text Contracts"],"duration":1,"failureDetails":[],"failureMessages":[],"fullName":"Text Contracts highlight variant maps to appropriate styling","invocations":1,"location":null,"numPassingAsserts":1,"retryReasons":[],"status":"passed","title":"highlight variant maps to appropriate styling"}],"endTime":1782781267570,"message":"","name":"C:\\Programmer\\fitApp\\src\\components\\ui\\__tests__\\text.test.tsx","startTime":1782781266823,"status":"passed","summary":""},{"assertionResults":[{"ancestorTitles":["Screen Contracts"],"duration":1,"failureDetails":[],"failureMessages":[],"fullName":"Screen Contracts implements overlayActive overlay and background tokens","invocations":1,"location":null,"numPassingAsserts":4,"retryReasons":[],"status":"passed","title":"implements overlayActive overlay and background tokens"}],"endTime":1782781267698,"message":"","name":"C:\\Programmer\\fitApp\\src\\components\\ui\\__tests__\\screen.test.tsx","startTime":1782781267518,"status":"passed","summary":""},{"assertionResults":[{"ancestorTitles":["Diet Component Bypass Tests"],"duration":5,"failureDetails":[],"failureMessages":[],"fullName":"Diet Component Bypass Tests MenuScreen does not use raw COLORS","invocations":1,"location":null,"numPassingAsserts":2,"retryReasons":[],"status":"passed","title":"MenuScreen does not use raw COLORS"},{"ancestorTitles":["Diet Component Bypass Tests"],"duration":1,"failureDetails":[],"failureMessages":[],"fullName":"Diet Component Bypass Tests MenuScreen remounts DraggableFlatList when reordering mode changes","invocations":1,"location":null,"numPassingAsserts":2,"retryReasons":[],"status":"passed","title":"MenuScreen remounts DraggableFlatList when reordering mode changes"},{"ancestorTitles":["Diet Component Bypass Tests"],"duration":0,"failureDetails":[],"failureMessages":[],"fullName":"Diet Component Bypass Tests diet.tsx (tab) does not use raw COLORS","invocations":1,"location":null,"numPassingAsserts":1,"retryReasons":[],"status":"passed","title":"diet.tsx (tab) does not use raw COLORS"},{"ancestorTitles":["Diet Component Bypass Tests"],"duration":2,"failureDetails":[],"failureMessages":[],"fullName":"Diet Component Bypass Tests MealCard uses semantic macro tokens and no legacy colors","invocations":1,"location":null,"numPassingAsserts":8,"retryReasons":[],"status":"passed","title":"MealCard uses semantic macro tokens and no legacy colors"},{"ancestorTitles":["Diet Component Bypass Tests"],"duration":1,"failureDetails":[],"failureMessages":[],"fullName":"Diet Component Bypass Tests MealCard renders a separate compact branch while reordering","invocations":1,"location":null,"numPassingAsserts":3,"retryReasons":[],"status":"passed","title":"MealCard renders a separate compact branch while reordering"},{"ancestorTitles":["Diet Component Bypass Tests"],"duration":2,"failureDetails":[],"failureMessages":[],"fullName":"Diet Component Bypass Tests DailyBalance uses semantic tokens","invocations":1,"location":null,"numPassingAsserts":10,"retryReasons":[],"status":"passed","title":"DailyBalance uses semantic tokens"},{"ancestorTitles":["Diet Component Bypass Tests"],"duration":2,"failureDetails":[],"failureMessages":[],"fullName":"Diet Component Bypass Tests MacroBadge uses semantic macro tokens directly","invocations":1,"location":null,"numPassingAsserts":6,"retryReasons":[],"status":"passed","title":"MacroBadge uses semantic macro tokens directly"},{"ancestorTitles":["Diet Component Bypass Tests"],"duration":0,"failureDetails":[],"failureMessages":[],"fullName":"Diet Component Bypass Tests MealMacrosSummary uses semantic tokens","invocations":1,"location":null,"numPassingAsserts":4,"retryReasons":[],"status":"passed","title":"MealMacrosSummary uses semantic tokens"},{"ancestorTitles":["Diet Component Bypass Tests"],"duration":3,"failureDetails":[],"failureMessages":[],"fullName":"Diet Component Bypass Tests MealCard replaces trash icon with ellipsis-vertical dropdown menu","invocations":1,"location":null,"numPassingAsserts":6,"retryReasons":[],"status":"passed","title":"MealCard replaces trash icon with ellipsis-vertical dropdown menu"},{"ancestorTitles":["Diet Component Bypass Tests"],"duration":3,"failureDetails":[],"failureMessages":[],"fullName":"Diet Component Bypass Tests MealCard implements the local edit popup trigger contracts","invocations":1,"location":null,"numPassingAsserts":3,"retryReasons":[],"status":"passed","title":"MealCard implements the local edit popup trigger contracts"},{"ancestorTitles":["Diet Component Bypass Tests"],"duration":1,"failureDetails":[],"failureMessages":[],"fullName":"Diet Component Bypass Tests EditMealModal implements edit popup modal with built-in backdrop","invocations":1,"location":null,"numPassingAsserts":6,"retryReasons":[],"status":"passed","title":"EditMealModal implements edit popup modal with built-in backdrop"},{"ancestorTitles":["Diet Component Bypass Tests"],"duration":2,"failureDetails":[],"failureMessages":[],"fullName":"Diet Component Bypass Tests EditMealModal implements time input formatting mask helpers and constraints","invocations":1,"location":null,"numPassingAsserts":5,"retryReasons":[],"status":"passed","title":"EditMealModal implements time input formatting mask helpers and constraints"}],"endTime":1782781267770,"message":"","name":"C:\\Programmer\\fitApp\\src\\features\\diet\\__tests__\\diet-components.test.ts","startTime":1782781267591,"status":"passed","summary":""},{"assertionResults":[{"ancestorTitles":["Card Contracts"],"duration":1,"failureDetails":[],"failureMessages":[],"fullName":"Card Contracts default variant generates surface background and subtle border","invocations":1,"location":null,"numPassingAsserts":2,"retryReasons":[],"status":"passed","title":"default variant generates surface background and subtle border"},{"ancestorTitles":["Card Contracts"],"duration":0,"failureDetails":[],"failureMessages":[],"fullName":"Card Contracts elevated variant generates elevated background and shadow","invocations":1,"location":null,"numPassingAsserts":2,"retryReasons":[],"status":"passed","title":"elevated variant generates elevated background and shadow"},{"ancestorTitles":["Card Contracts"],"duration":0,"failureDetails":[],"failureMessages":[],"fullName":"Card Contracts outline variant generates transparent background and subtle border","invocations":1,"location":null,"numPassingAsserts":2,"retryReasons":[],"status":"passed","title":"outline variant generates transparent background and subtle border"}],"endTime":1782781267830,"message":"","name":"C:\\Programmer\\fitApp\\src\\components\\ui\\__tests__\\card.test.tsx","startTime":1782781267237,"status":"passed","summary":""},{"assertionResults":[{"ancestorTitles":["Chart Accessibility - Protanopia, Deuteranopia, Grayscale"],"duration":0,"failureDetails":[],"failureMessages":[],"fullName":"Chart Accessibility - Protanopia, Deuteranopia, Grayscale has mock fixtures for color blindness simulators","invocations":1,"location":null,"numPassingAsserts":1,"retryReasons":[],"status":"passed","title":"has mock fixtures for color blindness simulators"},{"ancestorTitles":["Chart Accessibility - Protanopia, Deuteranopia, Grayscale"],"duration":8,"failureDetails":[],"failureMessages":[],"fullName":"Chart Accessibility - Protanopia, Deuteranopia, Grayscale verifies contrast ratios across data series in grayscale","invocations":1,"location":null,"numPassingAsserts":1,"retryReasons":[],"status":"passed","title":"verifies contrast ratios across data series in grayscale"}],"endTime":1782781267878,"message":"","name":"C:\\Programmer\\fitApp\\src\\tokens\\__tests__\\chart-accessibility.test.ts","startTime":1782781267711,"status":"passed","summary":""},{"assertionResults":[{"ancestorTitles":["Theme Maps Parity"],"duration":2,"failureDetails":[],"failureMessages":[],"fullName":"Theme Maps Parity uses the canonical amber scale for carbohydrate tokens","invocations":1,"location":null,"numPassingAsserts":5,"retryReasons":[],"status":"passed","title":"uses the canonical amber scale for carbohydrate tokens"},{"ancestorTitles":["Theme Maps Parity"],"duration":1,"failureDetails":[],"failureMessages":[],"fullName":"Theme Maps Parity uses the canonical orange scale for fat tokens","invocations":1,"location":null,"numPassingAsserts":5,"retryReasons":[],"status":"passed","title":"uses the canonical orange scale for fat tokens"},{"ancestorTitles":["Theme Maps Parity"],"duration":8,"failureDetails":[],"failureMessages":[],"fullName":"Theme Maps Parity lightTheme should contain all required keys","invocations":1,"location":null,"numPassingAsserts":26,"retryReasons":[],"status":"passed","title":"lightTheme should contain all required keys"},{"ancestorTitles":["Theme Maps Parity"],"duration":2,"failureDetails":[],"failureMessages":[],"fullName":"Theme Maps Parity darkTheme should contain all required keys","invocations":1,"location":null,"numPassingAsserts":26,"retryReasons":[],"status":"passed","title":"darkTheme should contain all required keys"},{"ancestorTitles":["Theme Maps Parity"],"duration":0,"failureDetails":[],"failureMessages":[],"fullName":"Theme Maps Parity lightTheme semantic precedence asserts expected colors","invocations":1,"location":null,"numPassingAsserts":3,"retryReasons":[],"status":"passed","title":"lightTheme semantic precedence asserts expected colors"},{"ancestorTitles":["Theme Maps Parity"],"duration":0,"failureDetails":[],"failureMessages":[],"fullName":"Theme Maps Parity darkTheme semantic precedence asserts expected colors","invocations":1,"location":null,"numPassingAsserts":3,"retryReasons":[],"status":"passed","title":"darkTheme semantic precedence asserts expected colors"}],"endTime":1782781267973,"message":"","name":"C:\\Programmer\\fitApp\\src\\tokens\\__tests__\\theme.test.ts","startTime":1782781267784,"status":"passed","summary":""},{"assertionResults":[{"ancestorTitles":["Residual Routes Bypass Tests"],"duration":1,"failureDetails":[],"failureMessages":[],"fullName":"Residual Routes Bypass Tests profile.tsx uses canonical Mineral Warm contracts","invocations":1,"location":null,"numPassingAsserts":3,"retryReasons":[],"status":"passed","title":"profile.tsx uses canonical Mineral Warm contracts"},{"ancestorTitles":["Residual Routes Bypass Tests"],"duration":3,"failureDetails":[],"failureMessages":[],"fullName":"Residual Routes Bypass Tests statistics.tsx uses canonical Mineral Warm contracts","invocations":1,"location":null,"numPassingAsserts":3,"retryReasons":[],"status":"passed","title":"statistics.tsx uses canonical Mineral Warm contracts"}],"endTime":1782781268032,"message":"","name":"C:\\Programmer\\fitApp\\src\\__tests__\\residual-routes.test.ts","startTime":1782781267898,"status":"passed","summary":""},{"assertionResults":[{"ancestorTitles":["Macro Utils Metadata"],"duration":1,"failureDetails":[],"failureMessages":[],"fullName":"Macro Utils Metadata maps macros to correct semantic tokens without raw colors","invocations":1,"location":null,"numPassingAsserts":7,"retryReasons":[],"status":"passed","title":"maps macros to correct semantic tokens without raw colors"},{"ancestorTitles":["Macro Utils Metadata"],"duration":0,"failureDetails":[],"failureMessages":[],"fullName":"Macro Utils Metadata maps macros to correct readable labels","invocations":1,"location":null,"numPassingAsserts":4,"retryReasons":[],"status":"passed","title":"maps macros to correct readable labels"}],"endTime":1782781268045,"message":"","name":"C:\\Programmer\\fitApp\\src\\features\\diet\\utils\\__tests__\\macro-utils.test.ts","startTime":1782781267843,"status":"passed","summary":""},{"assertionResults":[{"ancestorTitles":["ProgressCircle Contracts"],"duration":1,"failureDetails":[],"failureMessages":[],"fullName":"ProgressCircle Contracts uses semantic tokens in ProgressCircle.tsx","invocations":1,"location":null,"numPassingAsserts":4,"retryReasons":[],"status":"passed","title":"uses semantic tokens in ProgressCircle.tsx"}],"endTime":1782781268130,"message":"","name":"C:\\Programmer\\fitApp\\src\\components\\atoms\\__tests__\\ProgressCircle.test.tsx","startTime":1782781267984,"status":"passed","summary":""},{"assertionResults":[{"ancestorTitles":["AlertDialog Contracts"],"duration":1,"failureDetails":[],"failureMessages":[],"fullName":"AlertDialog Contracts contains correct semantic tokens in alert-dialog.tsx","invocations":1,"location":null,"numPassingAsserts":4,"retryReasons":[],"status":"passed","title":"contains correct semantic tokens in alert-dialog.tsx"}],"endTime":1782781268162,"message":"","name":"C:\\Programmer\\fitApp\\src\\components\\ui\\__tests__\\alert-dialog.test.tsx","startTime":1782781268039,"status":"passed","summary":""},{"assertionResults":[{"ancestorTitles":["ConfirmModal Contracts"],"duration":1,"failureDetails":[],"failureMessages":[],"fullName":"ConfirmModal Contracts uses semantic tokens in ConfirmModal.tsx","invocations":1,"location":null,"numPassingAsserts":1,"retryReasons":[],"status":"passed","title":"uses semantic tokens in ConfirmModal.tsx"},{"ancestorTitles":["FeedbackDialog Contracts"],"duration":1,"failureDetails":[],"failureMessages":[],"fullName":"FeedbackDialog Contracts uses semantic tokens in FeedbackDialog.tsx","invocations":1,"location":null,"numPassingAsserts":4,"retryReasons":[],"status":"passed","title":"uses semantic tokens in FeedbackDialog.tsx"}],"endTime":1782781268207,"message":"","name":"C:\\Programmer\\fitApp\\src\\components\\organisms\\__tests__\\organisms.test.tsx","startTime":1782781268060,"status":"passed","summary":""},{"assertionResults":[{"ancestorTitles":["Quantity Screens Bypass Tests"],"duration":3,"failureDetails":[],"failureMessages":[],"fullName":"Quantity Screens Bypass Tests AddFoodToMealScreen uses semantic tokens","invocations":1,"location":null,"numPassingAsserts":5,"retryReasons":[],"status":"passed","title":"AddFoodToMealScreen uses semantic tokens"},{"ancestorTitles":["Quantity Screens Bypass Tests"],"duration":1,"failureDetails":[],"failureMessages":[],"fullName":"Quantity Screens Bypass Tests EditMealItemScreen uses semantic tokens","invocations":1,"location":null,"numPassingAsserts":1,"retryReasons":[],"status":"passed","title":"EditMealItemScreen uses semantic tokens"}],"endTime":1782781268267,"message":"","name":"C:\\Programmer\\fitApp\\src\\features\\diet\\__tests__\\quantity-screens.test.ts","startTime":1782781268140,"status":"passed","summary":""},{"assertionResults":[{"ancestorTitles":["useThemeColors"],"duration":1,"failureDetails":[],"failureMessages":[],"fullName":"useThemeColors returns lightTheme when colorScheme is light","invocations":1,"location":null,"numPassingAsserts":1,"retryReasons":[],"status":"passed","title":"returns lightTheme when colorScheme is light"},{"ancestorTitles":["useThemeColors"],"duration":1,"failureDetails":[],"failureMessages":[],"fullName":"useThemeColors returns darkTheme when colorScheme is dark","invocations":1,"location":null,"numPassingAsserts":1,"retryReasons":[],"status":"passed","title":"returns darkTheme when colorScheme is dark"},{"ancestorTitles":["useThemeColors"],"duration":0,"failureDetails":[],"failureMessages":[],"fullName":"useThemeColors defaults to lightTheme when colorScheme is undefined","invocations":1,"location":null,"numPassingAsserts":1,"retryReasons":[],"status":"passed","title":"defaults to lightTheme when colorScheme is undefined"}],"endTime":1782781268301,"message":"","name":"C:\\Programmer\\fitApp\\src\\hooks\\__tests__\\use-theme-colors.test.tsx","startTime":1782781268173,"status":"passed","summary":""}],"wasInterrupted":false}
